[12:09:04.609] Global cache location '/home/terryfung/.cache/typescript/4.2', safe file path '/home/terryfung/CodeBox/web/React/create_dialog/node_modules/typescript/lib/typingSafeList.json', types map path /home/terryfung/CodeBox/web/React/create_dialog/node_modules/typescript/lib/typesMap.json
[12:09:04.610] Processing cache location '/home/terryfung/.cache/typescript/4.2'
[12:09:04.610] Trying to find '/home/terryfung/.cache/typescript/4.2/package.json'...
[12:09:04.623] Loaded content of '/home/terryfung/.cache/typescript/4.2/package.json': {"private":true,"dependencies":{"types-registry":"^0.1.537"},"devDependencies":{"@types/abbrev":"^1.1.1","@types/accepts":"^1.3.5","@types/ajv-errors":"^1.0.3","@types/ansi-styles":"^3.2.1","@types/anymatch":"^1.3.1","@types/argparse":"^2.0.5","@types/aria-query":"^4.2.1","@types/arr-diff":"^4.0.0","@types/arr-union":"^3.1.0","@types/array-unique":"^0.3.0","@types/array.prototype.flat":"^1.2.1","@types/array.prototype.flatmap":"^1.2.2","@types/asap":"^2.0.0","@types/asn1":"^0.2.0","@types/assert":"^1.5.4","@types/assert-plus":"^1.0.4","@types/async":"^3.2.6","@types/async-retry":"^1.4.2","@types/atob":"^2.1.2","@types/aws4":"^1.5.1","@types/babel-plugin-macros":"^2.8.4","@types/babylon":"^6.16.5","@types/backo2":"^1.0.1","@types/balanced-match":"^1.0.1","@types/big.js":"^6.0.2","@types/bluebird":"^3.5.33","@types/bn.js":"^5.1.0","@types/body-parser":"^1.19.0","@types/bonjour":"^3.5.8","@types/boolbase":"^1.0.0","@types/brace-expansion":"^1.1.0","@types/braces":"^3.0.0","@types/brorand":"^1.0.30","@types/bser":"^2.0.0","@types/buffer-from":"^1.1.0","@types/buffer-xor":"^2.0.0","@types/busboy":"^0.2.3","@types/bytes":"^3.1.0","@types/cacache":"^15.0.0","@types/cacheable-request":"^6.0.1","@types/call-bind":"^1.0.0","@types/camelcase-css":"^2.0.0","@types/caniuse-api":"^3.0.1","@types/caniuse-lite":"^1.0.0","@types/case-sensitive-paths-webpack-plugin":"^2.1.5","@types/caseless":"^0.12.2","@types/check-types":"^7.3.1","@types/chownr":"^1.0.0","@types/cipher-base":"^1.0.0","@types/clean-css":"^4.2.4","@types/co":"^4.6.2","@types/color":"^3.0.1","@types/color-convert":"^2.0.0","@types/color-name":"^1.1.1","@types/color-string":"^1.5.0","@types/combined-stream":"^1.0.2","@types/common-tags":"^1.8.0","@types/commondir":"^1.0.0","@types/component-emitter":"^1.2.10","@types/compose-function":"^0.0.30","@types/compressible":"^2.0.0","@types/compression":"^1.7.0","@types/concat-map":"^0.0.0","@types/concat-stream":"^1.6.0","@types/configstore":"^5.0.0","@types/confusing-browser-globals":"^1.0.0","@types/connect-history-api-fallback":"^1.3.4","@types/contains-path":"^1.0.0","@types/content-disposition":"^0.5.3","@types/content-type":"^1.1.3","@types/convert-source-map":"^1.5.1","@types/cookie":"^0.4.0","@types/cookie-signature":"^1.0.3","@types/core-js":"^2.5.4","@types/cors":"^2.8.10","@types/create-hash":"^1.2.2","@types/create-hmac":"^1.1.0","@types/cross-spawn":"^6.0.2","@types/css":"^0.0.31","@types/css-declaration-sorter":"^5.1.0","@types/css-tree":"^1.0.5","@types/cssesc":"^3.0.0","@types/cssnano":"^4.0.0","@types/csso":"^3.5.1","@types/cssom":"^0.4.1","@types/cssstyle":"^2.2.1","@types/d":"^1.0.0","@types/d3-array":"^2.9.0","@types/d3-collection":"^1.0.10","@types/d3-color":"^2.0.1","@types/d3-contour":"^2.0.0","@types/d3-format":"^2.0.0","@types/d3-geo":"^2.0.0","@types/d3-hexbin":"^0.2.3","@types/d3-hierarchy":"^2.0.0","@types/d3-sankey":"^0.11.1","@types/d3-scale":"^3.2.2","@types/d3-shape":"^2.0.0","@types/d3-voronoi":"^1.1.9","@types/damerau-levenshtein":"^1.0.0","@types/dashdash":"^1.14.0","@types/data-urls":"^2.0.1","@types/debug":"^4.1.5","@types/decode-uri-component":"^0.2.0","@types/dedent":"^0.7.0","@types/deep-equal":"^1.0.1","@types/deep-extend":"^0.4.31","@types/default-gateway":"^3.0.1","@types/define-properties":"^1.1.3","@types/defined":"^1.0.0","@types/depd":"^1.1.32","@types/destroy":"^1.0.0","@types/detect-node":"^2.0.0","@types/detective":"^5.1.1","@types/dicer":"^0.2.0","@types/didyoumean":"^1.2.0","@types/diffie-hellman":"^5.0.0","@types/dir-glob":"^2.0.0","@types/dlv":"^1.1.2","@types/doctrine":"^0.0.3","@types/domexception":"^2.0.1","@types/domhandler":"^2.4.1","@types/domutils":"^1.7.3","@types/duplexer3":"^0.1.0","@types/duplexify":"^3.6.0","@types/ee-first":"^1.1.0","@types/ejs":"^3.0.6","@types/elliptic":"^6.4.12","@types/encodeurl":"^1.0.0","@types/end-of-stream":"^1.4.0","@types/enhanced-resolve":"^3.0.6","@types/entities":"^1.1.1","@types/es-abstract":"^1.17.2","@types/es-to-primitive":"^1.2.4","@types/escape-html":"^1.0.0","@types/escodegen":"^0.0.6","@types/eslint":"^7.2.10","@types/eslint-scope":"^3.7.0","@types/eslint-visitor-keys":"^1.0.0","@types/esprima":"^4.0.2","@types/esquery":"^1.0.1","@types/estraverse":"^5.1.0","@types/etag":"^1.8.0","@types/events":"^3.0.0","@types/eventsource":"^1.1.5","@types/exit":"^0.1.31","@types/express":"^4.17.11","@types/extend":"^3.0.1","@types/extract-files":"^8.1.0","@types/extsprintf":"^1.4.1","@types/fast-levenshtein":"^0.0.1","@types/fb-watchman":"^2.0.0","@types/file-entry-cache":"^5.0.1","@types/file-loader":"^4.2.1","@types/finalhandler":"^1.1.0","@types/find-cache-dir":"^3.2.0","@types/flat-cache":"^2.0.0","@types/flush-write-stream":"^1.0.0","@types/follow-redirects":"^1.13.0","@types/forever-agent":"^0.6.0","@types/forwarded":"^0.1.0","@types/fresh":"^0.5.0","@types/from2":"^2.3.0","@types/fs-capacitor":"^2.0.0","@types/fs-extra":"^9.0.11","@types/function-bind":"^1.1.6","@types/functional-red-black-tree":"^1.0.0","@types/get-caller-file":"^1.0.0","@types/get-intrinsic":"^1.0.0","@types/get-value":"^3.0.1","@types/getpass":"^0.1.0","@types/glob":"^7.1.3","@types/glob-base":"^0.3.0","@types/glob-parent":"^5.1.0","@types/global-modules":"^2.0.0","@types/global-prefix":"^3.0.0","@types/got":"^9.6.11","@types/graceful-fs":"^4.1.5","@types/has":"^1.0.0","@types/has-symbols":"^1.0.0","@types/he":"^1.1.1","@types/hex-color-regex":"^1.1.0","@types/history":"^4.7.8","@types/hoist-non-react-statics":"^3.3.1","@types/hosted-git-info":"^3.0.1","@types/html-encoding-sniffer":"^2.0.1","@types/html-escaper":"^3.0.0","@types/html-minifier-terser":"^5.1.1","@types/htmlparser2":"^3.10.2","@types/http-cache-semantics":"^4.0.0","@types/http-errors":"^1.8.0","@types/http-proxy":"^1.17.5","@types/icss-utils":"^4.1.0","@types/iferr":"^1.0.2","@types/imurmurhash":"^0.1.1","@types/inherits":"^0.0.30","@types/ini":"^1.3.30","@types/internal-slot":"^1.0.1","@types/ip":"^1.1.0","@types/is-arguments":"^1.0.0","@types/is-buffer":"^2.0.0","@types/is-callable":"^1.1.0","@types/is-ci":"^3.0.0","@types/is-core-module":"^2.2.0","@types/is-date-object":"^1.0.1","@types/is-dotfile":"^2.0.0","@types/is-glob":"^4.0.1","@types/is-number":"^7.0.1","@types/is-regex":"^1.0.0","@types/is-typedarray":"^1.0.0","@types/is-windows":"^1.0.0","@types/isarray":"^2.0.0","@types/isexe":"^2.0.0","@types/isstream":"^0.1.0","@types/istanbul-lib-coverage":"^2.0.3","@types/istanbul-lib-instrument":"^1.7.4","@types/istanbul-lib-report":"^3.0.0","@types/istanbul-lib-source-maps":"^4.0.1","@types/istanbul-reports":"^3.0.0","@types/js-yaml":"^4.0.0","@types/jsbn":"^1.2.29","@types/jsdom":"^16.2.10","@types/jsesc":"^2.5.1","@types/json-buffer":"^3.0.0","@types/json-parse-better-errors":"^1.0.0","@types/json-schema":"^7.0.7","@types/json-stringify-safe":"^5.0.0","@types/json3":"^3.3.2","@types/jsonfile":"^6.0.0","@types/keyv":"^3.1.1","@types/kind-of":"^6.0.0","@types/language-tags":"^1.0.0","@types/loader-runner":"^2.2.3","@types/loader-utils":"^2.0.2","@types/lodash":"^4.14.168","@types/lodash-es":"^4.17.4","@types/lodash.memoize":"^4.1.6","@types/lodash.sortby":"^4.7.6","@types/lodash.template":"^4.5.0","@types/lodash.toarray":"^4.4.6","@types/lodash.topath":"^4.5.6","@types/lodash.uniq":"^4.5.6","@types/long":"^4.0.1","@types/lru-cache":"^5.1.0","@types/lz-string":"^1.3.34","@types/media-typer":"^1.1.0","@types/memory-fs":"^0.3.3","@types/merge-descriptors":"^1.0.1","@types/merge-stream":"^1.1.2","@types/merge2":"^1.3.0","@types/methods":"^1.1.1","@types/micromatch":"^4.0.1","@types/mime":"^2.0.3","@types/mime-db":"^1.43.0","@types/mime-types":"^2.1.0","@types/min-indent":"^1.0.0","@types/mini-css-extract-plugin":"^1.4.2","@types/minimalistic-assert":"^1.0.1","@types/minimatch":"^3.0.4","@types/minimist":"^1.2.1","@types/minipass":"^2.2.0","@types/minizlib":"^2.1.1","@types/mkdirp":"^1.0.1","@types/move-concurrently":"^1.0.2","@types/ms":"^0.7.31","@types/natural-compare":"^1.4.0","@types/negotiator":"^0.6.1","@types/next-tick":"^1.0.0","@types/nice-try":"^2.1.0","@types/node-emoji":"^1.8.1","@types/node-fetch":"^2.5.10","@types/node-forge":"^0.9.7","@types/node-int64":"^0.4.29","@types/node-notifier":"^8.0.0","@types/nodemon":"^1.19.0","@types/nopt":"^3.0.29","@types/normalize-package-data":"^2.4.0","@types/normalize-path":"^3.0.0","@types/num2fraction":"^1.2.0","@types/nwsapi":"^2.2.1","@types/object-assign":"^4.0.30","@types/object-hash":"^2.1.0","@types/object-inspect":"^1.8.0","@types/object-keys":"^1.0.1","@types/object-path":"^0.11.0","@types/object.fromentries":"^2.0.0","@types/object.getownpropertydescriptors":"^2.1.1","@types/object.pick":"^1.3.1","@types/on-finished":"^2.3.1","@types/on-headers":"^1.0.0","@types/once":"^1.4.0","@types/optimize-css-assets-webpack-plugin":"^5.0.3","@types/original":"^1.0.0","@types/pako":"^1.0.1","@types/parallel-transform":"^1.1.0","@types/parse-glob":"^3.0.29","@types/parse-json":"^4.0.0","@types/parse5":"^6.0.0","@types/parseurl":"^1.3.1","@types/pascalcase":"^1.0.0","@types/path-is-absolute":"^1.0.0","@types/path-is-inside":"^1.0.0","@types/path-parse":"^1.0.19","@types/pbkdf2":"^3.1.0","@types/picomatch":"^2.2.2","@types/pify":"^5.0.0","@types/postcss-calc":"^7.0.0","@types/postcss-custom-properties":"^9.1.0","@types/postcss-flexbugs-fixes":"^4.2.0","@types/postcss-focus-within":"^4.0.0","@types/postcss-gap-properties":"^2.0.0","@types/postcss-load-config":"^2.0.1","@types/postcss-modules-extract-imports":"^2.0.0","@types/postcss-modules-local-by-default":"^1.2.0","@types/postcss-modules-scope":"^1.1.0","@types/postcss-modules-values":"^3.0.0","@types/postcss-normalize":"^9.0.0","@types/postcss-preset-env":"^6.7.2","@types/postcss-safe-parser":"^4.0.0","@types/prelude-ls":"^1.1.29","@types/pretty-hrtime":"^1.0.0","@types/progress":"^2.0.3","@types/promise-inflight":"^1.0.0","@types/prompts":"^2.0.10","@types/prop-types":"^15.7.3","@types/proxy-addr":"^2.0.0","@types/psl":"^1.1.0","@types/pump":"^1.1.1","@types/pumpify":"^1.4.1","@types/punycode":"^2.1.0","@types/q":"^1.5.4","@types/qs":"^6.9.6","@types/querystringify":"^2.0.0","@types/raf":"^3.4.0","@types/randombytes":"^2.0.0","@types/range-parser":"^1.2.3","@types/rc":"^1.1.0","@types/react":"^17.0.3","@types/react-dev-utils":"^9.0.5","@types/react-dom":"^17.0.3","@types/react-is":"^17.0.0","@types/react-redux":"^7.1.16","@types/react-router":"^5.1.13","@types/react-router-dom":"^5.1.7","@types/react-vis":"^1.11.6","@types/readable-stream":"^2.3.9","@types/recursive-readdir":"^2.2.0","@types/regenerate":"^1.4.0","@types/regenerator-runtime":"^0.13.0","@types/registry-auth-token":"^4.2.0","@types/relateurl":"^0.2.28","@types/repeat-element":"^1.1.0","@types/repeat-string":"^1.6.0","@types/request":"^2.48.5","@types/request-promise-native":"^1.0.17","@types/require-directory":"^2.1.1","@types/require-from-string":"^1.2.0","@types/requires-port":"^1.0.0","@types/resolve":"^1.20.0","@types/responselike":"^1.0.0","@types/retry":"^0.12.0","@types/rimraf":"^3.0.0","@types/ripemd160":"^2.0.0","@types/rsvp":"^4.0.3","@types/run-parallel":"^1.1.0","@types/safe-regex":"^1.1.2","@types/safer-buffer":"^2.1.0","@types/sane":"^2.0.0","@types/sass-loader":"^8.0.1","@types/sax":"^1.2.1","@types/scheduler":"^0.16.1","@types/semver":"^7.3.4","@types/send":"^0.14.7","@types/serialize-javascript":"^5.0.0","@types/serve-index":"^1.7.30","@types/serve-static":"^1.13.9","@types/set-value":"^2.0.0","@types/setimmediate":"^1.0.2","@types/sha.js":"^2.4.0","@types/shebang-command":"^1.2.0","@types/shell-quote":"^1.7.0","@types/signal-exit":"^3.0.0","@types/slice-ansi":"^4.0.0","@types/sockjs":"^0.3.32","@types/sockjs-client":"^1.5.0","@types/source-list-map":"^0.1.2","@types/source-map-support":"^0.5.3","@types/spdx-correct":"^2.0.0","@types/spdx-expression-parse":"^3.0.0","@types/spdy":"^3.4.4","@types/sprintf":"^0.1.0","@types/sprintf-js":"^1.1.2","@types/sshpk":"^1.10.5","@types/ssri":"^7.1.0","@types/stack-utils":"^2.0.0","@types/statuses":"^2.0.0","@types/stoppable":"^1.1.0","@types/stream-each":"^1.2.0","@types/stream-shift":"^1.0.0","@types/strict-uri-encode":"^2.0.0","@types/string-natural-compare":"^3.0.0","@types/string.prototype.matchall":"^4.0.0","@types/stringify-object":"^3.3.0","@types/strip-comments":"^2.0.0","@types/supports-color":"^8.1.0","@types/svg-parser":"^2.0.1","@types/svgo":"^2.3.0","@types/symbol-tree":"^3.2.1","@types/table":"^6.0.0","@types/tailwindcss":"^2.0.2","@types/tapable":"^2.2.2","@types/tar":"^4.0.4","@types/terser-webpack-plugin":"^5.0.3","@types/testing-library__jest-dom":"^5.9.5","@types/text-table":"^0.2.1","@types/through2":"^2.0.36","@types/timsort":"^0.3.0","@types/toposort":"^2.0.3","@types/touch":"^3.1.1","@types/tough-cookie":"^4.0.0","@types/tryer":"^1.0.1","@types/type-check":"^0.3.27","@types/type-detect":"^4.0.1","@types/type-is":"^1.6.3","@types/uniq":"^0.0.27","@types/universalify":"^1.0.0","@types/unixify":"^1.0.0","@types/update-notifier":"^5.0.0","@types/urix":"^0.1.0","@types/url-parse":"^1.4.3","@types/util-deprecate":"^1.0.0","@types/util.promisify":"^1.0.4","@types/utils-merge":"^0.0.28","@types/uuid":"^8.3.0","@types/valid-url":"^1.0.3","@types/validate-npm-package-license":"^3.0.0","@types/vary":"^1.1.0","@types/verror":"^1.10.4","@types/w3c-hr-time":"^1.0.0","@types/w3c-xmlserializer":"^2.0.1","@types/watchpack":"^1.1.6","@types/webidl-conversions":"^6.1.0","@types/webpack":"^5.28.0","@types/webpack-dev-middleware":"^4.1.2","@types/webpack-dev-server":"^3.11.3","@types/webpack-manifest-plugin":"^3.0.4","@types/webpack-sources":"^2.1.0","@types/whatwg-encoding":"^1.0.0","@types/whatwg-mimetype":"^2.1.0","@types/whatwg-url":"^8.2.0","@types/which":"^2.0.0","@types/workbox-build":"^5.0.0","@types/workbox-sw":"^4.3.1","@types/workbox-webpack-plugin":"^5.1.6","@types/wrap-ansi":"^3.0.0","@types/write-file-atomic":"^3.0.1","@types/ws":"^7.4.1","@types/xtend":"^4.0.3","@types/y18n":"^4.0.0","@types/yallist":"^3.0.1","@types/yargs":"^16.0.1","@types/yargs-parser":"^20.2.0","@types/yup":"^0.29.11","@types/zen-observable":"^0.8.2"}}
[12:09:04.623] Loaded content of '/home/terryfung/.cache/typescript/4.2/package-lock.json'
[12:09:04.640] Adding entry into typings cache: 'abbrev' => '/home/terryfung/.cache/typescript/4.2/node_modules/@types/abbrev/index.d.ts'
[12:09:04.643] Adding entry into typings cache: 'accepts' => '/home/terryfung/.cache/typescript/4.2/node_modules/@types/accepts/index.d.ts'
[12:09:04.646] Adding entry into typings cache: 'ajv-errors' => '/home/terryfung/.cache/typescript/4.2/node_modules/@types/ajv-errors/index.d.ts'
[12:09:04.649] Adding entry into typings cache: 'ansi-styles' => '/home/terryfung/.cache/typescript/4.2/node_modules/ansi-styles/index.d.ts'
[12:09:04.653] Adding entry into typings cache: 'anymatch' => '/home/terryfung/.cache/typescript/4.2/node_modules/@types/anymatch/index.d.ts'
[12:09:04.657] Adding entry into typings cache: 'argparse' => '/home/terryfung/.cache/typescript/4.2/node_modules/@types/argparse/index.d.ts'
[12:09:04.659] Adding entry into typings cache: 'aria-query' => '/home/terryfung/.cache/typescript/4.2/node_modules/@types/aria-query/index.d.ts'
[12:09:04.667] Adding entry into typings cache: 'arr-diff' => '/home/terryfung/.cache/typescript/4.2/node_modules/@types/arr-diff/index.d.ts'
[12:09:04.673] Adding entry into typings cache: 'arr-union' => '/home/terryfung/.cache/typescript/4.2/node_modules/@types/arr-union/index.d.ts'
[12:09:04.679] Adding entry into typings cache: 'array-unique' => '/home/terryfung/.cache/typescript/4.2/node_modules/@types/array-unique/index.d.ts'
[12:09:04.681] Adding entry into typings cache: 'array.prototype.flat' => '/home/terryfung/.cache/typescript/4.2/node_modules/@types/array.prototype.flat/index.d.ts'
[12:09:04.684] Adding entry into typings cache: 'array.prototype.flatmap' => '/home/terryfung/.cache/typescript/4.2/node_modules/@types/array.prototype.flatmap/index.d.ts'
[12:09:04.686] Adding entry into typings cache: 'asap' => '/home/terryfung/.cache/typescript/4.2/node_modules/@types/asap/index.d.ts'
[12:09:04.688] Adding entry into typings cache: 'asn1' => '/home/terryfung/.cache/typescript/4.2/node_modules/@types/asn1/index.d.ts'
[12:09:04.691] Adding entry into typings cache: 'assert' => '/home/terryfung/.cache/typescript/4.2/node_modules/@types/assert/index.d.ts'
[12:09:04.693] Adding entry into typings cache: 'assert-plus' => '/home/terryfung/.cache/typescript/4.2/node_modules/@types/assert-plus/index.d.ts'
[12:09:04.696] Adding entry into typings cache: 'async' => '/home/terryfung/.cache/typescript/4.2/node_modules/@types/async/index.d.ts'
[12:09:04.699] Adding entry into typings cache: 'async-retry' => '/home/terryfung/.cache/typescript/4.2/node_modules/@types/async-retry/index.d.ts'
[12:09:04.705] Adding entry into typings cache: 'atob' => '/home/terryfung/.cache/typescript/4.2/node_modules/@types/atob/index.d.ts'
[12:09:04.707] Adding entry into typings cache: 'aws4' => '/home/terryfung/.cache/typescript/4.2/node_modules/@types/aws4/index.d.ts'
[12:09:04.710] Adding entry into typings cache: 'babel-plugin-macros' => '/home/terryfung/.cache/typescript/4.2/node_modules/@types/babel-plugin-macros/index.d.ts'
[12:09:04.712] Adding entry into typings cache: 'babylon' => '/home/terryfung/.cache/typescript/4.2/node_modules/@types/babylon/index.d.ts'
[12:09:04.713] Adding entry into typings cache: 'backo2' => '/home/terryfung/.cache/typescript/4.2/node_modules/@types/backo2/index.d.ts'
[12:09:04.715] Adding entry into typings cache: 'balanced-match' => '/home/terryfung/.cache/typescript/4.2/node_modules/@types/balanced-match/index.d.ts'
[12:09:04.717] Adding entry into typings cache: 'big.js' => '/home/terryfung/.cache/typescript/4.2/node_modules/@types/big.js/index.d.ts'
[12:09:04.719] Adding entry into typings cache: 'bluebird' => '/home/terryfung/.cache/typescript/4.2/node_modules/@types/bluebird/index.d.ts'
[12:09:04.721] Adding entry into typings cache: 'bn.js' => '/home/terryfung/.cache/typescript/4.2/node_modules/@types/bn.js/index.d.ts'
[12:09:04.724] Adding entry into typings cache: 'body-parser' => '/home/terryfung/.cache/typescript/4.2/node_modules/@types/body-parser/index.d.ts'
[12:09:04.726] Adding entry into typings cache: 'bonjour' => '/home/terryfung/.cache/typescript/4.2/node_modules/@types/bonjour/index.d.ts'
[12:09:04.728] Adding entry into typings cache: 'boolbase' => '/home/terryfung/.cache/typescript/4.2/node_modules/@types/boolbase/index.d.ts'
[12:09:04.730] Adding entry into typings cache: 'brace-expansion' => '/home/terryfung/.cache/typescript/4.2/node_modules/@types/brace-expansion/index.d.ts'
[12:09:04.735] Adding entry into typings cache: 'braces' => '/home/terryfung/.cache/typescript/4.2/node_modules/@types/braces/index.d.ts'
[12:09:04.736] Adding entry into typings cache: 'brorand' => '/home/terryfung/.cache/typescript/4.2/node_modules/@types/brorand/index.d.ts'
[12:09:04.738] Adding entry into typings cache: 'bser' => '/home/terryfung/.cache/typescript/4.2/node_modules/@types/bser/index.d.ts'
[12:09:04.741] Adding entry into typings cache: 'buffer-from' => '/home/terryfung/.cache/typescript/4.2/node_modules/@types/buffer-from/index.d.ts'
[12:09:04.742] Adding entry into typings cache: 'buffer-xor' => '/home/terryfung/.cache/typescript/4.2/node_modules/@types/buffer-xor/index.d.ts'
[12:09:04.744] Adding entry into typings cache: 'busboy' => '/home/terryfung/.cache/typescript/4.2/node_modules/@types/busboy/index.d.ts'
[12:09:04.746] Adding entry into typings cache: 'bytes' => '/home/terryfung/.cache/typescript/4.2/node_modules/@types/bytes/index.d.ts'
[12:09:04.748] Adding entry into typings cache: 'cacache' => '/home/terryfung/.cache/typescript/4.2/node_modules/@types/cacache/index.d.ts'
[12:09:04.750] Adding entry into typings cache: 'cacheable-request' => '/home/terryfung/.cache/typescript/4.2/node_modules/@types/cacheable-request/index.d.ts'
[12:09:04.752] Adding entry into typings cache: 'call-bind' => '/home/terryfung/.cache/typescript/4.2/node_modules/@types/call-bind/index.d.ts'
[12:09:04.754] Adding entry into typings cache: 'camelcase-css' => '/home/terryfung/.cache/typescript/4.2/node_modules/@types/camelcase-css/index.d.ts'
[12:09:04.755] Adding entry into typings cache: 'caniuse-api' => '/home/terryfung/.cache/typescript/4.2/node_modules/@types/caniuse-api/index.d.ts'
[12:09:04.759] Adding entry into typings cache: 'caniuse-lite' => '/home/terryfung/.cache/typescript/4.2/node_modules/@types/caniuse-lite/index.d.ts'
[12:09:04.761] Adding entry into typings cache: 'case-sensitive-paths-webpack-plugin' => '/home/terryfung/.cache/typescript/4.2/node_modules/@types/case-sensitive-paths-webpack-plugin/index.d.ts'
[12:09:04.763] Adding entry into typings cache: 'caseless' => '/home/terryfung/.cache/typescript/4.2/node_modules/@types/caseless/index.d.ts'
[12:09:04.765] Adding entry into typings cache: 'check-types' => '/home/terryfung/.cache/typescript/4.2/node_modules/@types/check-types/index.d.ts'
[12:09:04.766] Adding entry into typings cache: 'chownr' => '/home/terryfung/.cache/typescript/4.2/node_modules/@types/chownr/index.d.ts'
[12:09:04.768] Adding entry into typings cache: 'cipher-base' => '/home/terryfung/.cache/typescript/4.2/node_modules/@types/cipher-base/index.d.ts'
[12:09:04.770] Adding entry into typings cache: 'clean-css' => '/home/terryfung/.cache/typescript/4.2/node_modules/@types/clean-css/index.d.ts'
[12:09:04.772] Adding entry into typings cache: 'co' => '/home/terryfung/.cache/typescript/4.2/node_modules/@types/co/index.d.ts'
[12:09:04.774] Adding entry into typings cache: 'color' => '/home/terryfung/.cache/typescript/4.2/node_modules/@types/color/index.d.ts'
[12:09:04.779] Adding entry into typings cache: 'color-convert' => '/home/terryfung/.cache/typescript/4.2/node_modules/@types/color-convert/index.d.ts'
[12:09:04.783] Adding entry into typings cache: 'color-name' => '/home/terryfung/.cache/typescript/4.2/node_modules/@types/color-name/index.d.ts'
[12:09:04.784] Adding entry into typings cache: 'color-string' => '/home/terryfung/.cache/typescript/4.2/node_modules/@types/color-string/index.d.ts'
[12:09:04.789] Adding entry into typings cache: 'combined-stream' => '/home/terryfung/.cache/typescript/4.2/node_modules/@types/combined-stream/index.d.ts'
[12:09:04.791] Adding entry into typings cache: 'common-tags' => '/home/terryfung/.cache/typescript/4.2/node_modules/@types/common-tags/index.d.ts'
[12:09:04.793] Adding entry into typings cache: 'commondir' => '/home/terryfung/.cache/typescript/4.2/node_modules/@types/commondir/index.d.ts'
[12:09:04.796] Adding entry into typings cache: 'component-emitter' => '/home/terryfung/.cache/typescript/4.2/node_modules/@types/component-emitter/index.d.ts'
[12:09:04.798] Adding entry into typings cache: 'compose-function' => '/home/terryfung/.cache/typescript/4.2/node_modules/@types/compose-function/index.d.ts'
[12:09:04.799] Adding entry into typings cache: 'compressible' => '/home/terryfung/.cache/typescript/4.2/node_modules/@types/compressible/index.d.ts'
[12:09:04.801] Adding entry into typings cache: 'compression' => '/home/terryfung/.cache/typescript/4.2/node_modules/@types/compression/index.d.ts'
[12:09:04.803] Adding entry into typings cache: 'concat-map' => '/home/terryfung/.cache/typescript/4.2/node_modules/@types/concat-map/index.d.ts'
[12:09:04.806] Adding entry into typings cache: 'concat-stream' => '/home/terryfung/.cache/typescript/4.2/node_modules/@types/concat-stream/index.d.ts'
[12:09:04.808] Adding entry into typings cache: 'configstore' => '/home/terryfung/.cache/typescript/4.2/node_modules/@types/configstore/index.d.ts'
[12:09:04.810] Adding entry into typings cache: 'confusing-browser-globals' => '/home/terryfung/.cache/typescript/4.2/node_modules/@types/confusing-browser-globals/index.d.ts'
[12:09:04.815] Adding entry into typings cache: 'connect-history-api-fallback' => '/home/terryfung/.cache/typescript/4.2/node_modules/@types/connect-history-api-fallback/index.d.ts'
[12:09:04.816] Adding entry into typings cache: 'contains-path' => '/home/terryfung/.cache/typescript/4.2/node_modules/@types/contains-path/index.d.ts'
[12:09:04.817] Adding entry into typings cache: 'content-disposition' => '/home/terryfung/.cache/typescript/4.2/node_modules/@types/content-disposition/index.d.ts'
[12:09:04.818] Adding entry into typings cache: 'content-type' => '/home/terryfung/.cache/typescript/4.2/node_modules/@types/content-type/index.d.ts'
[12:09:04.821] Adding entry into typings cache: 'convert-source-map' => '/home/terryfung/.cache/typescript/4.2/node_modules/@types/convert-source-map/index.d.ts'
[12:09:04.822] Adding entry into typings cache: 'cookie' => '/home/terryfung/.cache/typescript/4.2/node_modules/@types/cookie/index.d.ts'
[12:09:04.824] Adding entry into typings cache: 'cookie-signature' => '/home/terryfung/.cache/typescript/4.2/node_modules/@types/cookie-signature/index.d.ts'
[12:09:04.826] Adding entry into typings cache: 'core-js' => '/home/terryfung/.cache/typescript/4.2/node_modules/@types/core-js/index.d.ts'
[12:09:04.828] Adding entry into typings cache: 'cors' => '/home/terryfung/.cache/typescript/4.2/node_modules/@types/cors/index.d.ts'
[12:09:04.829] Adding entry into typings cache: 'create-hash' => '/home/terryfung/.cache/typescript/4.2/node_modules/@types/create-hash/index.d.ts'
[12:09:04.831] Adding entry into typings cache: 'create-hmac' => '/home/terryfung/.cache/typescript/4.2/node_modules/@types/create-hmac/index.d.ts'
[12:09:04.833] Adding entry into typings cache: 'cross-spawn' => '/home/terryfung/.cache/typescript/4.2/node_modules/@types/cross-spawn/index.d.ts'
[12:09:04.834] Adding entry into typings cache: 'css' => '/home/terryfung/.cache/typescript/4.2/node_modules/@types/css/index.d.ts'
[12:09:04.839] Adding entry into typings cache: 'css-declaration-sorter' => '/home/terryfung/.cache/typescript/4.2/node_modules/@types/css-declaration-sorter/index.d.ts'
[12:09:04.841] Adding entry into typings cache: 'css-tree' => '/home/terryfung/.cache/typescript/4.2/node_modules/@types/css-tree/index.d.ts'
[12:09:04.843] Adding entry into typings cache: 'cssesc' => '/home/terryfung/.cache/typescript/4.2/node_modules/@types/cssesc/index.d.ts'
[12:09:04.845] Adding entry into typings cache: 'cssnano' => '/home/terryfung/.cache/typescript/4.2/node_modules/@types/cssnano/index.d.ts'
[12:09:04.846] Adding entry into typings cache: 'csso' => '/home/terryfung/.cache/typescript/4.2/node_modules/@types/csso/index.d.ts'
[12:09:04.848] Adding entry into typings cache: 'cssom' => '/home/terryfung/.cache/typescript/4.2/node_modules/@types/cssom/index.d.ts'
[12:09:04.850] Adding entry into typings cache: 'cssstyle' => '/home/terryfung/.cache/typescript/4.2/node_modules/@types/cssstyle/index.d.ts'
[12:09:04.851] Adding entry into typings cache: 'd' => '/home/terryfung/.cache/typescript/4.2/node_modules/@types/d/index.d.ts'
[12:09:04.854] Adding entry into typings cache: 'd3-array' => '/home/terryfung/.cache/typescript/4.2/node_modules/@types/d3-array/index.d.ts'
[12:09:04.855] Adding entry into typings cache: 'd3-collection' => '/home/terryfung/.cache/typescript/4.2/node_modules/@types/d3-collection/index.d.ts'
[12:09:04.857] Adding entry into typings cache: 'd3-color' => '/home/terryfung/.cache/typescript/4.2/node_modules/@types/d3-color/index.d.ts'
[12:09:04.858] Adding entry into typings cache: 'd3-contour' => '/home/terryfung/.cache/typescript/4.2/node_modules/@types/d3-contour/index.d.ts'
[12:09:04.860] Adding entry into typings cache: 'd3-format' => '/home/terryfung/.cache/typescript/4.2/node_modules/@types/d3-format/index.d.ts'
[12:09:04.861] Adding entry into typings cache: 'd3-geo' => '/home/terryfung/.cache/typescript/4.2/node_modules/@types/d3-geo/index.d.ts'
[12:09:04.863] Adding entry into typings cache: 'd3-hexbin' => '/home/terryfung/.cache/typescript/4.2/node_modules/@types/d3-hexbin/index.d.ts'
[12:09:04.864] Adding entry into typings cache: 'd3-hierarchy' => '/home/terryfung/.cache/typescript/4.2/node_modules/@types/d3-hierarchy/index.d.ts'
[12:09:04.865] Adding entry into typings cache: 'd3-sankey' => '/home/terryfung/.cache/typescript/4.2/node_modules/@types/d3-sankey/index.d.ts'
[12:09:04.867] Adding entry into typings cache: 'd3-scale' => '/home/terryfung/.cache/typescript/4.2/node_modules/@types/d3-scale/index.d.ts'
[12:09:04.869] Adding entry into typings cache: 'd3-shape' => '/home/terryfung/.cache/typescript/4.2/node_modules/@types/d3-shape/index.d.ts'
[12:09:04.870] Adding entry into typings cache: 'd3-voronoi' => '/home/terryfung/.cache/typescript/4.2/node_modules/@types/d3-voronoi/index.d.ts'
[12:09:04.871] Adding entry into typings cache: 'damerau-levenshtein' => '/home/terryfung/.cache/typescript/4.2/node_modules/@types/damerau-levenshtein/index.d.ts'
[12:09:04.872] Adding entry into typings cache: 'dashdash' => '/home/terryfung/.cache/typescript/4.2/node_modules/@types/dashdash/index.d.ts'
[12:09:04.873] Adding entry into typings cache: 'data-urls' => '/home/terryfung/.cache/typescript/4.2/node_modules/@types/data-urls/index.d.ts'
[12:09:04.877] Adding entry into typings cache: 'debug' => '/home/terryfung/.cache/typescript/4.2/node_modules/@types/debug/index.d.ts'
[12:09:04.879] Adding entry into typings cache: 'decode-uri-component' => '/home/terryfung/.cache/typescript/4.2/node_modules/@types/decode-uri-component/index.d.ts'
[12:09:04.880] Adding entry into typings cache: 'dedent' => '/home/terryfung/.cache/typescript/4.2/node_modules/@types/dedent/index.d.ts'
[12:09:04.881] Adding entry into typings cache: 'deep-equal' => '/home/terryfung/.cache/typescript/4.2/node_modules/@types/deep-equal/index.d.ts'
[12:09:04.883] Adding entry into typings cache: 'deep-extend' => '/home/terryfung/.cache/typescript/4.2/node_modules/@types/deep-extend/index.d.ts'
[12:09:04.885] Adding entry into typings cache: 'default-gateway' => '/home/terryfung/.cache/typescript/4.2/node_modules/@types/default-gateway/index.d.ts'
[12:09:04.886] Adding entry into typings cache: 'define-properties' => '/home/terryfung/.cache/typescript/4.2/node_modules/@types/define-properties/index.d.ts'
[12:09:04.887] Adding entry into typings cache: 'defined' => '/home/terryfung/.cache/typescript/4.2/node_modules/@types/defined/index.d.ts'
[12:09:04.887] Adding entry into typings cache: 'depd' => '/home/terryfung/.cache/typescript/4.2/node_modules/@types/depd/index.d.ts'
[12:09:04.888] Adding entry into typings cache: 'destroy' => '/home/terryfung/.cache/typescript/4.2/node_modules/@types/destroy/index.d.ts'
[12:09:04.890] Adding entry into typings cache: 'detect-node' => '/home/terryfung/.cache/typescript/4.2/node_modules/@types/detect-node/index.d.ts'
[12:09:04.891] Adding entry into typings cache: 'detective' => '/home/terryfung/.cache/typescript/4.2/node_modules/@types/detective/index.d.ts'
[12:09:04.894] Adding entry into typings cache: 'dicer' => '/home/terryfung/.cache/typescript/4.2/node_modules/@types/dicer/index.d.ts'
[12:09:04.896] Adding entry into typings cache: 'didyoumean' => '/home/terryfung/.cache/typescript/4.2/node_modules/@types/didyoumean/index.d.ts'
[12:09:04.899] Adding entry into typings cache: 'diffie-hellman' => '/home/terryfung/.cache/typescript/4.2/node_modules/@types/diffie-hellman/index.d.ts'
[12:09:04.900] Adding entry into typings cache: 'dir-glob' => '/home/terryfung/.cache/typescript/4.2/node_modules/@types/dir-glob/index.d.ts'
[12:09:04.901] Adding entry into typings cache: 'dlv' => '/home/terryfung/.cache/typescript/4.2/node_modules/@types/dlv/index.d.ts'
[12:09:04.902] Adding entry into typings cache: 'doctrine' => '/home/terryfung/.cache/typescript/4.2/node_modules/@types/doctrine/index.d.ts'
[12:09:04.903] Adding entry into typings cache: 'domexception' => '/home/terryfung/.cache/typescript/4.2/node_modules/@types/domexception/index.d.ts'
[12:09:04.906] Adding entry into typings cache: 'domhandler' => '/home/terryfung/.cache/typescript/4.2/node_modules/@types/domhandler/index.d.ts'
[12:09:04.907] Adding entry into typings cache: 'domutils' => '/home/terryfung/.cache/typescript/4.2/node_modules/@types/domutils/index.d.ts'
[12:09:04.908] Adding entry into typings cache: 'duplexer3' => '/home/terryfung/.cache/typescript/4.2/node_modules/@types/duplexer3/index.d.ts'
[12:09:04.910] Adding entry into typings cache: 'duplexify' => '/home/terryfung/.cache/typescript/4.2/node_modules/@types/duplexify/index.d.ts'
[12:09:04.912] Adding entry into typings cache: 'ee-first' => '/home/terryfung/.cache/typescript/4.2/node_modules/@types/ee-first/index.d.ts'
[12:09:04.913] Adding entry into typings cache: 'ejs' => '/home/terryfung/.cache/typescript/4.2/node_modules/@types/ejs/index.d.ts'
[12:09:04.915] Adding entry into typings cache: 'elliptic' => '/home/terryfung/.cache/typescript/4.2/node_modules/@types/elliptic/index.d.ts'
[12:09:04.916] Adding entry into typings cache: 'encodeurl' => '/home/terryfung/.cache/typescript/4.2/node_modules/@types/encodeurl/index.d.ts'
[12:09:04.917] Adding entry into typings cache: 'end-of-stream' => '/home/terryfung/.cache/typescript/4.2/node_modules/@types/end-of-stream/index.d.ts'
[12:09:04.919] Adding entry into typings cache: 'enhanced-resolve' => '/home/terryfung/.cache/typescript/4.2/node_modules/enhanced-resolve/types.d.ts'
[12:09:04.919] Adding entry into typings cache: 'entities' => '/home/terryfung/.cache/typescript/4.2/node_modules/@types/entities/index.d.ts'
[12:09:04.920] Adding entry into typings cache: 'es-abstract' => '/home/terryfung/.cache/typescript/4.2/node_modules/@types/es-abstract/index.d.ts'
[12:09:04.922] Adding entry into typings cache: 'es-to-primitive' => '/home/terryfung/.cache/typescript/4.2/node_modules/@types/es-to-primitive/index.d.ts'
[12:09:04.924] Adding entry into typings cache: 'escape-html' => '/home/terryfung/.cache/typescript/4.2/node_modules/@types/escape-html/index.d.ts'
[12:09:04.925] Adding entry into typings cache: 'escodegen' => '/home/terryfung/.cache/typescript/4.2/node_modules/@types/escodegen/index.d.ts'
[12:09:04.927] Adding entry into typings cache: 'eslint' => '/home/terryfung/.cache/typescript/4.2/node_modules/@types/eslint/index.d.ts'
[12:09:04.929] Adding entry into typings cache: 'eslint-scope' => '/home/terryfung/.cache/typescript/4.2/node_modules/@types/eslint-scope/index.d.ts'
[12:09:04.929] Adding entry into typings cache: 'eslint-visitor-keys' => '/home/terryfung/.cache/typescript/4.2/node_modules/@types/eslint-visitor-keys/index.d.ts'
[12:09:04.930] Adding entry into typings cache: 'esprima' => '/home/terryfung/.cache/typescript/4.2/node_modules/@types/esprima/index.d.ts'
[12:09:04.931] Adding entry into typings cache: 'esquery' => '/home/terryfung/.cache/typescript/4.2/node_modules/@types/esquery/index.d.ts'
[12:09:04.933] Adding entry into typings cache: 'estraverse' => '/home/terryfung/.cache/typescript/4.2/node_modules/@types/estraverse/index.d.ts'
[12:09:04.934] Adding entry into typings cache: 'etag' => '/home/terryfung/.cache/typescript/4.2/node_modules/@types/etag/index.d.ts'
[12:09:04.937] Adding entry into typings cache: 'events' => '/home/terryfung/.cache/typescript/4.2/node_modules/@types/events/index.d.ts'
[12:09:04.940] Adding entry into typings cache: 'eventsource' => '/home/terryfung/.cache/typescript/4.2/node_modules/@types/eventsource/index.d.ts'
[12:09:04.942] Adding entry into typings cache: 'exit' => '/home/terryfung/.cache/typescript/4.2/node_modules/@types/exit/index.d.ts'
[12:09:04.944] Adding entry into typings cache: 'express' => '/home/terryfung/.cache/typescript/4.2/node_modules/@types/express/index.d.ts'
[12:09:04.945] Adding entry into typings cache: 'extend' => '/home/terryfung/.cache/typescript/4.2/node_modules/@types/extend/index.d.ts'
[12:09:04.946] Adding entry into typings cache: 'extract-files' => '/home/terryfung/.cache/typescript/4.2/node_modules/@types/extract-files/index.d.ts'
[12:09:04.947] Adding entry into typings cache: 'extsprintf' => '/home/terryfung/.cache/typescript/4.2/node_modules/@types/extsprintf/index.d.ts'
[12:09:04.948] Adding entry into typings cache: 'fast-levenshtein' => '/home/terryfung/.cache/typescript/4.2/node_modules/@types/fast-levenshtein/index.d.ts'
[12:09:04.949] Adding entry into typings cache: 'fb-watchman' => '/home/terryfung/.cache/typescript/4.2/node_modules/@types/fb-watchman/index.d.ts'
[12:09:04.951] Adding entry into typings cache: 'file-entry-cache' => '/home/terryfung/.cache/typescript/4.2/node_modules/@types/file-entry-cache/index.d.ts'
[12:09:04.952] Adding entry into typings cache: 'file-loader' => '/home/terryfung/.cache/typescript/4.2/node_modules/@types/file-loader/index.d.ts'
[12:09:04.953] Adding entry into typings cache: 'finalhandler' => '/home/terryfung/.cache/typescript/4.2/node_modules/@types/finalhandler/index.d.ts'
[12:09:04.955] Adding entry into typings cache: 'find-cache-dir' => '/home/terryfung/.cache/typescript/4.2/node_modules/@types/find-cache-dir/index.d.ts'
[12:09:04.956] Adding entry into typings cache: 'flat-cache' => '/home/terryfung/.cache/typescript/4.2/node_modules/@types/flat-cache/index.d.ts'
[12:09:04.957] Adding entry into typings cache: 'flush-write-stream' => '/home/terryfung/.cache/typescript/4.2/node_modules/@types/flush-write-stream/index.d.ts'
[12:09:04.960] Adding entry into typings cache: 'follow-redirects' => '/home/terryfung/.cache/typescript/4.2/node_modules/@types/follow-redirects/index.d.ts'
[12:09:04.961] Adding entry into typings cache: 'forever-agent' => '/home/terryfung/.cache/typescript/4.2/node_modules/@types/forever-agent/index.d.ts'
[12:09:04.962] Adding entry into typings cache: 'forwarded' => '/home/terryfung/.cache/typescript/4.2/node_modules/@types/forwarded/index.d.ts'
[12:09:04.963] Adding entry into typings cache: 'fresh' => '/home/terryfung/.cache/typescript/4.2/node_modules/@types/fresh/index.d.ts'
[12:09:04.964] Adding entry into typings cache: 'from2' => '/home/terryfung/.cache/typescript/4.2/node_modules/@types/from2/index.d.ts'
[12:09:04.965] Adding entry into typings cache: 'fs-capacitor' => '/home/terryfung/.cache/typescript/4.2/node_modules/@types/fs-capacitor/index.d.ts'
[12:09:04.967] Adding entry into typings cache: 'fs-extra' => '/home/terryfung/.cache/typescript/4.2/node_modules/@types/fs-extra/index.d.ts'
[12:09:04.968] Adding entry into typings cache: 'function-bind' => '/home/terryfung/.cache/typescript/4.2/node_modules/@types/function-bind/index.d.ts'
[12:09:04.968] Adding entry into typings cache: 'functional-red-black-tree' => '/home/terryfung/.cache/typescript/4.2/node_modules/@types/functional-red-black-tree/index.d.ts'
[12:09:04.969] Adding entry into typings cache: 'get-caller-file' => '/home/terryfung/.cache/typescript/4.2/node_modules/@types/get-caller-file/index.d.ts'
[12:09:04.970] Adding entry into typings cache: 'get-intrinsic' => '/home/terryfung/.cache/typescript/4.2/node_modules/@types/get-intrinsic/index.d.ts'
[12:09:04.971] Adding entry into typings cache: 'get-value' => '/home/terryfung/.cache/typescript/4.2/node_modules/@types/get-value/index.d.ts'
[12:09:04.971] Adding entry into typings cache: 'getpass' => '/home/terryfung/.cache/typescript/4.2/node_modules/@types/getpass/index.d.ts'
[12:09:04.973] Adding entry into typings cache: 'glob' => '/home/terryfung/.cache/typescript/4.2/node_modules/@types/glob/index.d.ts'
[12:09:04.974] Adding entry into typings cache: 'glob-base' => '/home/terryfung/.cache/typescript/4.2/node_modules/@types/glob-base/index.d.ts'
[12:09:04.976] Adding entry into typings cache: 'glob-parent' => '/home/terryfung/.cache/typescript/4.2/node_modules/@types/glob-parent/index.d.ts'
[12:09:04.977] Adding entry into typings cache: 'global-modules' => '/home/terryfung/.cache/typescript/4.2/node_modules/@types/global-modules/index.d.ts'
[12:09:04.980] Adding entry into typings cache: 'global-prefix' => '/home/terryfung/.cache/typescript/4.2/node_modules/@types/global-prefix/index.d.ts'
[12:09:04.981] Adding entry into typings cache: 'got' => '/home/terryfung/.cache/typescript/4.2/node_modules/@types/got/index.d.ts'
[12:09:04.983] Adding entry into typings cache: 'graceful-fs' => '/home/terryfung/.cache/typescript/4.2/node_modules/@types/graceful-fs/index.d.ts'
[12:09:04.984] Adding entry into typings cache: 'has' => '/home/terryfung/.cache/typescript/4.2/node_modules/@types/has/index.d.ts'
[12:09:04.985] Adding entry into typings cache: 'has-symbols' => '/home/terryfung/.cache/typescript/4.2/node_modules/@types/has-symbols/index.d.ts'
[12:09:04.986] Adding entry into typings cache: 'he' => '/home/terryfung/.cache/typescript/4.2/node_modules/@types/he/index.d.ts'
[12:09:04.987] Adding entry into typings cache: 'hex-color-regex' => '/home/terryfung/.cache/typescript/4.2/node_modules/@types/hex-color-regex/index.d.ts'
[12:09:04.988] Adding entry into typings cache: 'history' => '/home/terryfung/.cache/typescript/4.2/node_modules/@types/history/index.d.ts'
[12:09:04.991] Adding entry into typings cache: 'hoist-non-react-statics' => '/home/terryfung/.cache/typescript/4.2/node_modules/@types/hoist-non-react-statics/index.d.ts'
[12:09:04.992] Adding entry into typings cache: 'hosted-git-info' => '/home/terryfung/.cache/typescript/4.2/node_modules/@types/hosted-git-info/index.d.ts'
[12:09:04.993] Adding entry into typings cache: 'html-encoding-sniffer' => '/home/terryfung/.cache/typescript/4.2/node_modules/@types/html-encoding-sniffer/index.d.ts'
[12:09:04.994] Adding entry into typings cache: 'html-escaper' => '/home/terryfung/.cache/typescript/4.2/node_modules/@types/html-escaper/index.d.ts'
[12:09:05.000] Adding entry into typings cache: 'html-minifier-terser' => '/home/terryfung/.cache/typescript/4.2/node_modules/@types/html-minifier-terser/index.d.ts'
[12:09:05.001] Adding entry into typings cache: 'htmlparser2' => '/home/terryfung/.cache/typescript/4.2/node_modules/@types/htmlparser2/index.d.ts'
[12:09:05.001] Adding entry into typings cache: 'http-cache-semantics' => '/home/terryfung/.cache/typescript/4.2/node_modules/@types/http-cache-semantics/index.d.ts'
[12:09:05.002] Adding entry into typings cache: 'http-errors' => '/home/terryfung/.cache/typescript/4.2/node_modules/@types/http-errors/index.d.ts'
[12:09:05.007] Adding entry into typings cache: 'http-proxy' => '/home/terryfung/.cache/typescript/4.2/node_modules/@types/http-proxy/index.d.ts'
[12:09:05.008] Adding entry into typings cache: 'icss-utils' => '/home/terryfung/.cache/typescript/4.2/node_modules/@types/icss-utils/index.d.ts'
[12:09:05.009] Adding entry into typings cache: 'iferr' => '/home/terryfung/.cache/typescript/4.2/node_modules/@types/iferr/index.d.ts'
[12:09:05.010] Adding entry into typings cache: 'imurmurhash' => '/home/terryfung/.cache/typescript/4.2/node_modules/@types/imurmurhash/index.d.ts'
[12:09:05.011] Adding entry into typings cache: 'inherits' => '/home/terryfung/.cache/typescript/4.2/node_modules/@types/inherits/index.d.ts'
[12:09:05.012] Adding entry into typings cache: 'ini' => '/home/terryfung/.cache/typescript/4.2/node_modules/@types/ini/index.d.ts'
[12:09:05.016] Adding entry into typings cache: 'internal-slot' => '/home/terryfung/.cache/typescript/4.2/node_modules/@types/internal-slot/index.d.ts'
[12:09:05.016] Adding entry into typings cache: 'ip' => '/home/terryfung/.cache/typescript/4.2/node_modules/@types/ip/index.d.ts'
[12:09:05.017] Adding entry into typings cache: 'is-arguments' => '/home/terryfung/.cache/typescript/4.2/node_modules/@types/is-arguments/index.d.ts'
[12:09:05.019] Adding entry into typings cache: 'is-buffer' => '/home/terryfung/.cache/typescript/4.2/node_modules/@types/is-buffer/index.d.ts'
[12:09:05.020] Adding entry into typings cache: 'is-callable' => '/home/terryfung/.cache/typescript/4.2/node_modules/@types/is-callable/index.d.ts'
[12:09:05.021] Adding entry into typings cache: 'is-ci' => '/home/terryfung/.cache/typescript/4.2/node_modules/@types/is-ci/index.d.ts'
[12:09:05.022] Adding entry into typings cache: 'is-core-module' => '/home/terryfung/.cache/typescript/4.2/node_modules/@types/is-core-module/index.d.ts'
[12:09:05.023] Adding entry into typings cache: 'is-date-object' => '/home/terryfung/.cache/typescript/4.2/node_modules/@types/is-date-object/index.d.ts'
[12:09:05.024] Adding entry into typings cache: 'is-dotfile' => '/home/terryfung/.cache/typescript/4.2/node_modules/@types/is-dotfile/index.d.ts'
[12:09:05.026] Adding entry into typings cache: 'is-glob' => '/home/terryfung/.cache/typescript/4.2/node_modules/@types/is-glob/index.d.ts'
[12:09:05.028] Adding entry into typings cache: 'is-number' => '/home/terryfung/.cache/typescript/4.2/node_modules/@types/is-number/index.d.ts'
[12:09:05.029] Adding entry into typings cache: 'is-regex' => '/home/terryfung/.cache/typescript/4.2/node_modules/@types/is-regex/index.d.ts'
[12:09:05.030] Adding entry into typings cache: 'is-typedarray' => '/home/terryfung/.cache/typescript/4.2/node_modules/@types/is-typedarray/index.d.ts'
[12:09:05.031] Adding entry into typings cache: 'is-windows' => '/home/terryfung/.cache/typescript/4.2/node_modules/@types/is-windows/index.d.ts'
[12:09:05.032] Adding entry into typings cache: 'isarray' => '/home/terryfung/.cache/typescript/4.2/node_modules/@types/isarray/index.d.ts'
[12:09:05.033] Adding entry into typings cache: 'isexe' => '/home/terryfung/.cache/typescript/4.2/node_modules/@types/isexe/index.d.ts'
[12:09:05.033] Adding entry into typings cache: 'isstream' => '/home/terryfung/.cache/typescript/4.2/node_modules/@types/isstream/index.d.ts'
[12:09:05.034] Adding entry into typings cache: 'istanbul-lib-coverage' => '/home/terryfung/.cache/typescript/4.2/node_modules/@types/istanbul-lib-coverage/index.d.ts'
[12:09:05.035] Adding entry into typings cache: 'istanbul-lib-instrument' => '/home/terryfung/.cache/typescript/4.2/node_modules/@types/istanbul-lib-instrument/index.d.ts'
[12:09:05.035] Adding entry into typings cache: 'istanbul-lib-report' => '/home/terryfung/.cache/typescript/4.2/node_modules/@types/istanbul-lib-report/index.d.ts'
[12:09:05.036] Adding entry into typings cache: 'istanbul-lib-source-maps' => '/home/terryfung/.cache/typescript/4.2/node_modules/@types/istanbul-lib-source-maps/index.d.ts'
[12:09:05.037] Adding entry into typings cache: 'istanbul-reports' => '/home/terryfung/.cache/typescript/4.2/node_modules/@types/istanbul-reports/index.d.ts'
[12:09:05.038] Adding entry into typings cache: 'js-yaml' => '/home/terryfung/.cache/typescript/4.2/node_modules/@types/js-yaml/index.d.ts'
[12:09:05.038] Adding entry into typings cache: 'jsbn' => '/home/terryfung/.cache/typescript/4.2/node_modules/@types/jsbn/index.d.ts'
[12:09:05.039] Adding entry into typings cache: 'jsdom' => '/home/terryfung/.cache/typescript/4.2/node_modules/@types/jsdom/index.d.ts'
[12:09:05.040] Adding entry into typings cache: 'jsesc' => '/home/terryfung/.cache/typescript/4.2/node_modules/@types/jsesc/index.d.ts'
[12:09:05.040] Adding entry into typings cache: 'json-buffer' => '/home/terryfung/.cache/typescript/4.2/node_modules/@types/json-buffer/index.d.ts'
[12:09:05.041] Adding entry into typings cache: 'json-parse-better-errors' => '/home/terryfung/.cache/typescript/4.2/node_modules/@types/json-parse-better-errors/index.d.ts'
[12:09:05.042] Adding entry into typings cache: 'json-schema' => '/home/terryfung/.cache/typescript/4.2/node_modules/@types/json-schema/index.d.ts'
[12:09:05.043] Adding entry into typings cache: 'json-stringify-safe' => '/home/terryfung/.cache/typescript/4.2/node_modules/@types/json-stringify-safe/index.d.ts'
[12:09:05.043] Adding entry into typings cache: 'json3' => '/home/terryfung/.cache/typescript/4.2/node_modules/@types/json3/index.d.ts'
[12:09:05.044] Adding entry into typings cache: 'jsonfile' => '/home/terryfung/.cache/typescript/4.2/node_modules/@types/jsonfile/index.d.ts'
[12:09:05.045] Adding entry into typings cache: 'keyv' => '/home/terryfung/.cache/typescript/4.2/node_modules/@types/keyv/index.d.ts'
[12:09:05.047] Adding entry into typings cache: 'kind-of' => '/home/terryfung/.cache/typescript/4.2/node_modules/@types/kind-of/index.d.ts'
[12:09:05.047] Adding entry into typings cache: 'language-tags' => '/home/terryfung/.cache/typescript/4.2/node_modules/@types/language-tags/index.d.ts'
[12:09:05.049] Adding entry into typings cache: 'loader-runner' => '/home/terryfung/.cache/typescript/4.2/node_modules/@types/loader-runner/index.d.ts'
[12:09:05.050] Adding entry into typings cache: 'loader-utils' => '/home/terryfung/.cache/typescript/4.2/node_modules/@types/loader-utils/index.d.ts'
[12:09:05.051] Adding entry into typings cache: 'lodash' => '/home/terryfung/.cache/typescript/4.2/node_modules/@types/lodash/index.d.ts'
[12:09:05.051] Adding entry into typings cache: 'lodash-es' => '/home/terryfung/.cache/typescript/4.2/node_modules/@types/lodash-es/index.d.ts'
[12:09:05.052] Adding entry into typings cache: 'lodash.memoize' => '/home/terryfung/.cache/typescript/4.2/node_modules/@types/lodash.memoize/index.d.ts'
[12:09:05.053] Adding entry into typings cache: 'lodash.sortby' => '/home/terryfung/.cache/typescript/4.2/node_modules/@types/lodash.sortby/index.d.ts'
[12:09:05.053] Adding entry into typings cache: 'lodash.template' => '/home/terryfung/.cache/typescript/4.2/node_modules/@types/lodash.template/index.d.ts'
[12:09:05.054] Adding entry into typings cache: 'lodash.toarray' => '/home/terryfung/.cache/typescript/4.2/node_modules/@types/lodash.toarray/index.d.ts'
[12:09:05.054] Adding entry into typings cache: 'lodash.topath' => '/home/terryfung/.cache/typescript/4.2/node_modules/@types/lodash.topath/index.d.ts'
[12:09:05.055] Adding entry into typings cache: 'lodash.uniq' => '/home/terryfung/.cache/typescript/4.2/node_modules/@types/lodash.uniq/index.d.ts'
[12:09:05.055] Adding entry into typings cache: 'long' => '/home/terryfung/.cache/typescript/4.2/node_modules/@types/long/index.d.ts'
[12:09:05.056] Adding entry into typings cache: 'lru-cache' => '/home/terryfung/.cache/typescript/4.2/node_modules/@types/lru-cache/index.d.ts'
[12:09:05.057] Adding entry into typings cache: 'lz-string' => '/home/terryfung/.cache/typescript/4.2/node_modules/@types/lz-string/index.d.ts'
[12:09:05.057] Adding entry into typings cache: 'media-typer' => '/home/terryfung/.cache/typescript/4.2/node_modules/@types/media-typer/index.d.ts'
[12:09:05.058] Adding entry into typings cache: 'memory-fs' => '/home/terryfung/.cache/typescript/4.2/node_modules/@types/memory-fs/index.d.ts'
[12:09:05.058] Adding entry into typings cache: 'merge-descriptors' => '/home/terryfung/.cache/typescript/4.2/node_modules/@types/merge-descriptors/index.d.ts'
[12:09:05.059] Adding entry into typings cache: 'merge-stream' => '/home/terryfung/.cache/typescript/4.2/node_modules/@types/merge-stream/index.d.ts'
[12:09:05.060] Adding entry into typings cache: 'merge2' => '/home/terryfung/.cache/typescript/4.2/node_modules/@types/merge2/index.d.ts'
[12:09:05.060] Adding entry into typings cache: 'methods' => '/home/terryfung/.cache/typescript/4.2/node_modules/@types/methods/index.d.ts'
[12:09:05.062] Adding entry into typings cache: 'micromatch' => '/home/terryfung/.cache/typescript/4.2/node_modules/@types/micromatch/index.d.ts'
[12:09:05.062] Adding entry into typings cache: 'mime' => '/home/terryfung/.cache/typescript/4.2/node_modules/@types/mime/index.d.ts'
[12:09:05.064] Adding entry into typings cache: 'mime-db' => '/home/terryfung/.cache/typescript/4.2/node_modules/@types/mime-db/index.d.ts'
[12:09:05.066] Adding entry into typings cache: 'mime-types' => '/home/terryfung/.cache/typescript/4.2/node_modules/@types/mime-types/index.d.ts'
[12:09:05.067] Adding entry into typings cache: 'min-indent' => '/home/terryfung/.cache/typescript/4.2/node_modules/@types/min-indent/index.d.ts'
[12:09:05.068] Adding entry into typings cache: 'mini-css-extract-plugin' => '/home/terryfung/.cache/typescript/4.2/node_modules/@types/mini-css-extract-plugin/index.d.ts'
[12:09:05.069] Adding entry into typings cache: 'minimalistic-assert' => '/home/terryfung/.cache/typescript/4.2/node_modules/@types/minimalistic-assert/index.d.ts'
[12:09:05.070] Adding entry into typings cache: 'minimatch' => '/home/terryfung/.cache/typescript/4.2/node_modules/@types/minimatch/index.d.ts'
[12:09:05.071] Adding entry into typings cache: 'minimist' => '/home/terryfung/.cache/typescript/4.2/node_modules/@types/minimist/index.d.ts'
[12:09:05.072] Adding entry into typings cache: 'minipass' => '/home/terryfung/.cache/typescript/4.2/node_modules/@types/minipass/index.d.ts'
[12:09:05.073] Adding entry into typings cache: 'minizlib' => '/home/terryfung/.cache/typescript/4.2/node_modules/@types/minizlib/index.d.ts'
[12:09:05.074] Adding entry into typings cache: 'mkdirp' => '/home/terryfung/.cache/typescript/4.2/node_modules/@types/mkdirp/index.d.ts'
[12:09:05.075] Adding entry into typings cache: 'move-concurrently' => '/home/terryfung/.cache/typescript/4.2/node_modules/@types/move-concurrently/index.d.ts'
[12:09:05.076] Adding entry into typings cache: 'ms' => '/home/terryfung/.cache/typescript/4.2/node_modules/@types/ms/index.d.ts'
[12:09:05.077] Adding entry into typings cache: 'natural-compare' => '/home/terryfung/.cache/typescript/4.2/node_modules/@types/natural-compare/index.d.ts'
[12:09:05.078] Adding entry into typings cache: 'negotiator' => '/home/terryfung/.cache/typescript/4.2/node_modules/@types/negotiator/index.d.ts'
[12:09:05.079] Adding entry into typings cache: 'next-tick' => '/home/terryfung/.cache/typescript/4.2/node_modules/@types/next-tick/index.d.ts'
[12:09:05.081] Adding entry into typings cache: 'nice-try' => '/home/terryfung/.cache/typescript/4.2/node_modules/@types/nice-try/index.d.ts'
[12:09:05.082] Adding entry into typings cache: 'node-emoji' => '/home/terryfung/.cache/typescript/4.2/node_modules/@types/node-emoji/index.d.ts'
[12:09:05.083] Adding entry into typings cache: 'node-fetch' => '/home/terryfung/.cache/typescript/4.2/node_modules/@types/node-fetch/index.d.ts'
[12:09:05.084] Adding entry into typings cache: 'node-forge' => '/home/terryfung/.cache/typescript/4.2/node_modules/@types/node-forge/index.d.ts'
[12:09:05.085] Adding entry into typings cache: 'node-int64' => '/home/terryfung/.cache/typescript/4.2/node_modules/@types/node-int64/index.d.ts'
[12:09:05.086] Adding entry into typings cache: 'node-notifier' => '/home/terryfung/.cache/typescript/4.2/node_modules/@types/node-notifier/index.d.ts'
[12:09:05.087] Adding entry into typings cache: 'nodemon' => '/home/terryfung/.cache/typescript/4.2/node_modules/@types/nodemon/index.d.ts'
[12:09:05.088] Adding entry into typings cache: 'nopt' => '/home/terryfung/.cache/typescript/4.2/node_modules/@types/nopt/index.d.ts'
[12:09:05.088] Adding entry into typings cache: 'normalize-package-data' => '/home/terryfung/.cache/typescript/4.2/node_modules/@types/normalize-package-data/index.d.ts'
[12:09:05.090] Adding entry into typings cache: 'normalize-path' => '/home/terryfung/.cache/typescript/4.2/node_modules/@types/normalize-path/index.d.ts'
[12:09:05.091] Adding entry into typings cache: 'num2fraction' => '/home/terryfung/.cache/typescript/4.2/node_modules/@types/num2fraction/index.d.ts'
[12:09:05.092] Adding entry into typings cache: 'nwsapi' => '/home/terryfung/.cache/typescript/4.2/node_modules/@types/nwsapi/index.d.ts'
[12:09:05.095] Adding entry into typings cache: 'object-assign' => '/home/terryfung/.cache/typescript/4.2/node_modules/@types/object-assign/index.d.ts'
[12:09:05.095] Adding entry into typings cache: 'object-hash' => '/home/terryfung/.cache/typescript/4.2/node_modules/@types/object-hash/index.d.ts'
[12:09:05.096] Adding entry into typings cache: 'object-inspect' => '/home/terryfung/.cache/typescript/4.2/node_modules/@types/object-inspect/index.d.ts'
[12:09:05.097] Adding entry into typings cache: 'object-keys' => '/home/terryfung/.cache/typescript/4.2/node_modules/@types/object-keys/index.d.ts'
[12:09:05.098] Adding entry into typings cache: 'object-path' => '/home/terryfung/.cache/typescript/4.2/node_modules/@types/object-path/index.d.ts'
[12:09:05.099] Adding entry into typings cache: 'object.fromentries' => '/home/terryfung/.cache/typescript/4.2/node_modules/@types/object.fromentries/index.d.ts'
[12:09:05.100] Adding entry into typings cache: 'object.getownpropertydescriptors' => '/home/terryfung/.cache/typescript/4.2/node_modules/@types/object.getownpropertydescriptors/index.d.ts'
[12:09:05.102] Adding entry into typings cache: 'object.pick' => '/home/terryfung/.cache/typescript/4.2/node_modules/@types/object.pick/index.d.ts'
[12:09:05.102] Adding entry into typings cache: 'on-finished' => '/home/terryfung/.cache/typescript/4.2/node_modules/@types/on-finished/index.d.ts'
[12:09:05.103] Adding entry into typings cache: 'on-headers' => '/home/terryfung/.cache/typescript/4.2/node_modules/@types/on-headers/index.d.ts'
[12:09:05.104] Adding entry into typings cache: 'once' => '/home/terryfung/.cache/typescript/4.2/node_modules/@types/once/index.d.ts'
[12:09:05.105] Adding entry into typings cache: 'optimize-css-assets-webpack-plugin' => '/home/terryfung/.cache/typescript/4.2/node_modules/@types/optimize-css-assets-webpack-plugin/index.d.ts'
[12:09:05.105] Adding entry into typings cache: 'original' => '/home/terryfung/.cache/typescript/4.2/node_modules/@types/original/index.d.ts'
[12:09:05.106] Adding entry into typings cache: 'pako' => '/home/terryfung/.cache/typescript/4.2/node_modules/@types/pako/index.d.ts'
[12:09:05.107] Adding entry into typings cache: 'parallel-transform' => '/home/terryfung/.cache/typescript/4.2/node_modules/@types/parallel-transform/index.d.ts'
[12:09:05.108] Adding entry into typings cache: 'parse-glob' => '/home/terryfung/.cache/typescript/4.2/node_modules/@types/parse-glob/index.d.ts'
[12:09:05.109] Adding entry into typings cache: 'parse-json' => '/home/terryfung/.cache/typescript/4.2/node_modules/@types/parse-json/index.d.ts'
[12:09:05.110] Adding entry into typings cache: 'parse5' => '/home/terryfung/.cache/typescript/4.2/node_modules/@types/parse5/index.d.ts'
[12:09:05.110] Adding entry into typings cache: 'parseurl' => '/home/terryfung/.cache/typescript/4.2/node_modules/@types/parseurl/index.d.ts'
[12:09:05.111] Adding entry into typings cache: 'pascalcase' => '/home/terryfung/.cache/typescript/4.2/node_modules/@types/pascalcase/index.d.ts'
[12:09:05.112] Adding entry into typings cache: 'path-is-absolute' => '/home/terryfung/.cache/typescript/4.2/node_modules/@types/path-is-absolute/index.d.ts'
[12:09:05.112] Adding entry into typings cache: 'path-is-inside' => '/home/terryfung/.cache/typescript/4.2/node_modules/@types/path-is-inside/index.d.ts'
[12:09:05.112] Adding entry into typings cache: 'path-parse' => '/home/terryfung/.cache/typescript/4.2/node_modules/@types/path-parse/index.d.ts'
[12:09:05.113] Adding entry into typings cache: 'pbkdf2' => '/home/terryfung/.cache/typescript/4.2/node_modules/@types/pbkdf2/index.d.ts'
[12:09:05.116] Adding entry into typings cache: 'picomatch' => '/home/terryfung/.cache/typescript/4.2/node_modules/@types/picomatch/index.d.ts'
[12:09:05.120] Adding entry into typings cache: 'pify' => '/home/terryfung/.cache/typescript/4.2/node_modules/@types/pify/index.d.ts'
[12:09:05.122] Adding entry into typings cache: 'postcss-calc' => '/home/terryfung/.cache/typescript/4.2/node_modules/@types/postcss-calc/index.d.ts'
[12:09:05.123] Adding entry into typings cache: 'postcss-custom-properties' => '/home/terryfung/.cache/typescript/4.2/node_modules/@types/postcss-custom-properties/index.d.ts'
[12:09:05.123] Adding entry into typings cache: 'postcss-flexbugs-fixes' => '/home/terryfung/.cache/typescript/4.2/node_modules/@types/postcss-flexbugs-fixes/index.d.ts'
[12:09:05.124] Adding entry into typings cache: 'postcss-focus-within' => '/home/terryfung/.cache/typescript/4.2/node_modules/@types/postcss-focus-within/index.d.ts'
[12:09:05.124] Adding entry into typings cache: 'postcss-gap-properties' => '/home/terryfung/.cache/typescript/4.2/node_modules/@types/postcss-gap-properties/index.d.ts'
[12:09:05.125] Adding entry into typings cache: 'postcss-load-config' => '/home/terryfung/.cache/typescript/4.2/node_modules/@types/postcss-load-config/index.d.ts'
[12:09:05.125] Adding entry into typings cache: 'postcss-modules-extract-imports' => '/home/terryfung/.cache/typescript/4.2/node_modules/@types/postcss-modules-extract-imports/index.d.ts'
[12:09:05.126] Adding entry into typings cache: 'postcss-modules-local-by-default' => '/home/terryfung/.cache/typescript/4.2/node_modules/@types/postcss-modules-local-by-default/index.d.ts'
[12:09:05.126] Adding entry into typings cache: 'postcss-modules-scope' => '/home/terryfung/.cache/typescript/4.2/node_modules/@types/postcss-modules-scope/index.d.ts'
[12:09:05.127] Adding entry into typings cache: 'postcss-modules-values' => '/home/terryfung/.cache/typescript/4.2/node_modules/@types/postcss-modules-values/index.d.ts'
[12:09:05.128] Adding entry into typings cache: 'postcss-normalize' => '/home/terryfung/.cache/typescript/4.2/node_modules/@types/postcss-normalize/index.d.ts'
[12:09:05.129] Adding entry into typings cache: 'postcss-preset-env' => '/home/terryfung/.cache/typescript/4.2/node_modules/@types/postcss-preset-env/index.d.ts'
[12:09:05.131] Adding entry into typings cache: 'postcss-safe-parser' => '/home/terryfung/.cache/typescript/4.2/node_modules/@types/postcss-safe-parser/index.d.ts'
[12:09:05.133] Adding entry into typings cache: 'prelude-ls' => '/home/terryfung/.cache/typescript/4.2/node_modules/@types/prelude-ls/index.d.ts'
[12:09:05.135] Adding entry into typings cache: 'pretty-hrtime' => '/home/terryfung/.cache/typescript/4.2/node_modules/@types/pretty-hrtime/index.d.ts'
[12:09:05.136] Adding entry into typings cache: 'progress' => '/home/terryfung/.cache/typescript/4.2/node_modules/@types/progress/index.d.ts'
[12:09:05.138] Adding entry into typings cache: 'promise-inflight' => '/home/terryfung/.cache/typescript/4.2/node_modules/@types/promise-inflight/index.d.ts'
[12:09:05.145] Adding entry into typings cache: 'prompts' => '/home/terryfung/.cache/typescript/4.2/node_modules/@types/prompts/index.d.ts'
[12:09:05.147] Adding entry into typings cache: 'prop-types' => '/home/terryfung/.cache/typescript/4.2/node_modules/@types/prop-types/index.d.ts'
[12:09:05.147] Adding entry into typings cache: 'proxy-addr' => '/home/terryfung/.cache/typescript/4.2/node_modules/@types/proxy-addr/index.d.ts'
[12:09:05.148] Adding entry into typings cache: 'psl' => '/home/terryfung/.cache/typescript/4.2/node_modules/@types/psl/index.d.ts'
[12:09:05.150] Adding entry into typings cache: 'pump' => '/home/terryfung/.cache/typescript/4.2/node_modules/@types/pump/index.d.ts'
[12:09:05.151] Adding entry into typings cache: 'pumpify' => '/home/terryfung/.cache/typescript/4.2/node_modules/@types/pumpify/index.d.ts'
[12:09:05.152] Adding entry into typings cache: 'punycode' => '/home/terryfung/.cache/typescript/4.2/node_modules/@types/punycode/index.d.ts'
[12:09:05.154] Adding entry into typings cache: 'q' => '/home/terryfung/.cache/typescript/4.2/node_modules/@types/q/index.d.ts'
[12:09:05.155] Adding entry into typings cache: 'qs' => '/home/terryfung/.cache/typescript/4.2/node_modules/@types/qs/index.d.ts'
[12:09:05.156] Adding entry into typings cache: 'querystringify' => '/home/terryfung/.cache/typescript/4.2/node_modules/@types/querystringify/index.d.ts'
[12:09:05.157] Adding entry into typings cache: 'raf' => '/home/terryfung/.cache/typescript/4.2/node_modules/@types/raf/index.d.ts'
[12:09:05.159] Adding entry into typings cache: 'randombytes' => '/home/terryfung/.cache/typescript/4.2/node_modules/@types/randombytes/index.d.ts'
[12:09:05.159] Adding entry into typings cache: 'range-parser' => '/home/terryfung/.cache/typescript/4.2/node_modules/@types/range-parser/index.d.ts'
[12:09:05.160] Adding entry into typings cache: 'rc' => '/home/terryfung/.cache/typescript/4.2/node_modules/@types/rc/index.d.ts'
[12:09:05.161] Adding entry into typings cache: 'react' => '/home/terryfung/.cache/typescript/4.2/node_modules/@types/react/index.d.ts'
[12:09:05.161] Adding entry into typings cache: 'react-dev-utils' => '/home/terryfung/.cache/typescript/4.2/node_modules/@types/react-dev-utils/index.d.ts'
[12:09:05.162] Adding entry into typings cache: 'react-dom' => '/home/terryfung/.cache/typescript/4.2/node_modules/@types/react-dom/index.d.ts'
[12:09:05.163] Adding entry into typings cache: 'react-is' => '/home/terryfung/.cache/typescript/4.2/node_modules/@types/react-is/index.d.ts'
[12:09:05.165] Adding entry into typings cache: 'react-redux' => '/home/terryfung/.cache/typescript/4.2/node_modules/@types/react-redux/index.d.ts'
[12:09:05.166] Adding entry into typings cache: 'react-router' => '/home/terryfung/.cache/typescript/4.2/node_modules/@types/react-router/index.d.ts'
[12:09:05.167] Adding entry into typings cache: 'react-router-dom' => '/home/terryfung/.cache/typescript/4.2/node_modules/@types/react-router-dom/index.d.ts'
[12:09:05.168] Adding entry into typings cache: 'react-vis' => '/home/terryfung/.cache/typescript/4.2/node_modules/@types/react-vis/index.d.ts'
[12:09:05.169] Adding entry into typings cache: 'readable-stream' => '/home/terryfung/.cache/typescript/4.2/node_modules/@types/readable-stream/index.d.ts'
[12:09:05.170] Adding entry into typings cache: 'recursive-readdir' => '/home/terryfung/.cache/typescript/4.2/node_modules/@types/recursive-readdir/index.d.ts'
[12:09:05.171] Adding entry into typings cache: 'regenerate' => '/home/terryfung/.cache/typescript/4.2/node_modules/@types/regenerate/index.d.ts'
[12:09:05.171] Adding entry into typings cache: 'regenerator-runtime' => '/home/terryfung/.cache/typescript/4.2/node_modules/@types/regenerator-runtime/index.d.ts'
[12:09:05.172] Adding entry into typings cache: 'registry-auth-token' => '/home/terryfung/.cache/typescript/4.2/node_modules/@types/registry-auth-token/index.d.ts'
[12:09:05.172] Adding entry into typings cache: 'relateurl' => '/home/terryfung/.cache/typescript/4.2/node_modules/@types/relateurl/index.d.ts'
[12:09:05.174] Adding entry into typings cache: 'repeat-element' => '/home/terryfung/.cache/typescript/4.2/node_modules/@types/repeat-element/index.d.ts'
[12:09:05.175] Adding entry into typings cache: 'repeat-string' => '/home/terryfung/.cache/typescript/4.2/node_modules/@types/repeat-string/index.d.ts'
[12:09:05.175] Adding entry into typings cache: 'request' => '/home/terryfung/.cache/typescript/4.2/node_modules/@types/request/index.d.ts'
[12:09:05.176] Adding entry into typings cache: 'request-promise-native' => '/home/terryfung/.cache/typescript/4.2/node_modules/@types/request-promise-native/index.d.ts'
[12:09:05.177] Adding entry into typings cache: 'require-directory' => '/home/terryfung/.cache/typescript/4.2/node_modules/@types/require-directory/index.d.ts'
[12:09:05.177] Adding entry into typings cache: 'require-from-string' => '/home/terryfung/.cache/typescript/4.2/node_modules/@types/require-from-string/index.d.ts'
[12:09:05.179] Adding entry into typings cache: 'requires-port' => '/home/terryfung/.cache/typescript/4.2/node_modules/@types/requires-port/index.d.ts'
[12:09:05.181] Adding entry into typings cache: 'resolve' => '/home/terryfung/.cache/typescript/4.2/node_modules/@types/resolve/index.d.ts'
[12:09:05.182] Adding entry into typings cache: 'responselike' => '/home/terryfung/.cache/typescript/4.2/node_modules/@types/responselike/index.d.ts'
[12:09:05.183] Adding entry into typings cache: 'retry' => '/home/terryfung/.cache/typescript/4.2/node_modules/@types/retry/index.d.ts'
[12:09:05.184] Adding entry into typings cache: 'rimraf' => '/home/terryfung/.cache/typescript/4.2/node_modules/@types/rimraf/index.d.ts'
[12:09:05.185] Adding entry into typings cache: 'ripemd160' => '/home/terryfung/.cache/typescript/4.2/node_modules/@types/ripemd160/index.d.ts'
[12:09:05.186] Adding entry into typings cache: 'rsvp' => '/home/terryfung/.cache/typescript/4.2/node_modules/@types/rsvp/index.d.ts'
[12:09:05.187] Adding entry into typings cache: 'run-parallel' => '/home/terryfung/.cache/typescript/4.2/node_modules/@types/run-parallel/index.d.ts'
[12:09:05.188] Adding entry into typings cache: 'safe-regex' => '/home/terryfung/.cache/typescript/4.2/node_modules/@types/safe-regex/index.d.ts'
[12:09:05.189] Adding entry into typings cache: 'safer-buffer' => '/home/terryfung/.cache/typescript/4.2/node_modules/@types/safer-buffer/index.d.ts'
[12:09:05.190] Adding entry into typings cache: 'sane' => '/home/terryfung/.cache/typescript/4.2/node_modules/@types/sane/index.d.ts'
[12:09:05.191] Adding entry into typings cache: 'sass-loader' => '/home/terryfung/.cache/typescript/4.2/node_modules/@types/sass-loader/index.d.ts'
[12:09:05.191] Adding entry into typings cache: 'sax' => '/home/terryfung/.cache/typescript/4.2/node_modules/@types/sax/index.d.ts'
[12:09:05.192] Adding entry into typings cache: 'scheduler' => '/home/terryfung/.cache/typescript/4.2/node_modules/@types/scheduler/index.d.ts'
[12:09:05.193] Adding entry into typings cache: 'semver' => '/home/terryfung/.cache/typescript/4.2/node_modules/@types/semver/index.d.ts'
[12:09:05.194] Adding entry into typings cache: 'send' => '/home/terryfung/.cache/typescript/4.2/node_modules/@types/send/index.d.ts'
[12:09:05.196] Adding entry into typings cache: 'serialize-javascript' => '/home/terryfung/.cache/typescript/4.2/node_modules/@types/serialize-javascript/index.d.ts'
[12:09:05.197] Adding entry into typings cache: 'serve-index' => '/home/terryfung/.cache/typescript/4.2/node_modules/@types/serve-index/index.d.ts'
[12:09:05.198] Adding entry into typings cache: 'serve-static' => '/home/terryfung/.cache/typescript/4.2/node_modules/@types/serve-static/index.d.ts'
[12:09:05.200] Adding entry into typings cache: 'set-value' => '/home/terryfung/.cache/typescript/4.2/node_modules/@types/set-value/index.d.ts'
[12:09:05.201] Adding entry into typings cache: 'setimmediate' => '/home/terryfung/.cache/typescript/4.2/node_modules/@types/setimmediate/index.d.ts'
[12:09:05.202] Adding entry into typings cache: 'sha.js' => '/home/terryfung/.cache/typescript/4.2/node_modules/@types/sha.js/index.d.ts'
[12:09:05.202] Adding entry into typings cache: 'shebang-command' => '/home/terryfung/.cache/typescript/4.2/node_modules/@types/shebang-command/index.d.ts'
[12:09:05.203] Adding entry into typings cache: 'shell-quote' => '/home/terryfung/.cache/typescript/4.2/node_modules/@types/shell-quote/index.d.ts'
[12:09:05.204] Adding entry into typings cache: 'signal-exit' => '/home/terryfung/.cache/typescript/4.2/node_modules/@types/signal-exit/index.d.ts'
[12:09:05.205] Adding entry into typings cache: 'slice-ansi' => '/home/terryfung/.cache/typescript/4.2/node_modules/@types/slice-ansi/index.d.ts'
[12:09:05.206] Adding entry into typings cache: 'sockjs' => '/home/terryfung/.cache/typescript/4.2/node_modules/@types/sockjs/index.d.ts'
[12:09:05.207] Adding entry into typings cache: 'sockjs-client' => '/home/terryfung/.cache/typescript/4.2/node_modules/@types/sockjs-client/index.d.ts'
[12:09:05.211] Adding entry into typings cache: 'source-list-map' => '/home/terryfung/.cache/typescript/4.2/node_modules/@types/source-list-map/index.d.ts'
[12:09:05.212] Adding entry into typings cache: 'source-map-support' => '/home/terryfung/.cache/typescript/4.2/node_modules/@types/source-map-support/index.d.ts'
[12:09:05.213] Adding entry into typings cache: 'spdx-correct' => '/home/terryfung/.cache/typescript/4.2/node_modules/@types/spdx-correct/index.d.ts'
[12:09:05.214] Adding entry into typings cache: 'spdx-expression-parse' => '/home/terryfung/.cache/typescript/4.2/node_modules/@types/spdx-expression-parse/index.d.ts'
[12:09:05.214] Adding entry into typings cache: 'spdy' => '/home/terryfung/.cache/typescript/4.2/node_modules/@types/spdy/index.d.ts'
[12:09:05.215] Adding entry into typings cache: 'sprintf' => '/home/terryfung/.cache/typescript/4.2/node_modules/@types/sprintf/index.d.ts'
[12:09:05.215] Adding entry into typings cache: 'sprintf-js' => '/home/terryfung/.cache/typescript/4.2/node_modules/@types/sprintf-js/index.d.ts'
[12:09:05.216] Adding entry into typings cache: 'sshpk' => '/home/terryfung/.cache/typescript/4.2/node_modules/@types/sshpk/index.d.ts'
[12:09:05.217] Adding entry into typings cache: 'ssri' => '/home/terryfung/.cache/typescript/4.2/node_modules/@types/ssri/index.d.ts'
[12:09:05.217] Adding entry into typings cache: 'stack-utils' => '/home/terryfung/.cache/typescript/4.2/node_modules/@types/stack-utils/index.d.ts'
[12:09:05.218] Adding entry into typings cache: 'statuses' => '/home/terryfung/.cache/typescript/4.2/node_modules/@types/statuses/index.d.ts'
[12:09:05.219] Adding entry into typings cache: 'stoppable' => '/home/terryfung/.cache/typescript/4.2/node_modules/@types/stoppable/index.d.ts'
[12:09:05.220] Adding entry into typings cache: 'stream-each' => '/home/terryfung/.cache/typescript/4.2/node_modules/@types/stream-each/index.d.ts'
[12:09:05.221] Adding entry into typings cache: 'stream-shift' => '/home/terryfung/.cache/typescript/4.2/node_modules/@types/stream-shift/index.d.ts'
[12:09:05.222] Adding entry into typings cache: 'strict-uri-encode' => '/home/terryfung/.cache/typescript/4.2/node_modules/@types/strict-uri-encode/index.d.ts'
[12:09:05.223] Adding entry into typings cache: 'string-natural-compare' => '/home/terryfung/.cache/typescript/4.2/node_modules/@types/string-natural-compare/index.d.ts'
[12:09:05.225] Adding entry into typings cache: 'string.prototype.matchall' => '/home/terryfung/.cache/typescript/4.2/node_modules/@types/string.prototype.matchall/index.d.ts'
[12:09:05.226] Adding entry into typings cache: 'stringify-object' => '/home/terryfung/.cache/typescript/4.2/node_modules/@types/stringify-object/index.d.ts'
[12:09:05.227] Adding entry into typings cache: 'strip-comments' => '/home/terryfung/.cache/typescript/4.2/node_modules/@types/strip-comments/index.d.ts'
[12:09:05.228] Adding entry into typings cache: 'supports-color' => '/home/terryfung/.cache/typescript/4.2/node_modules/@types/supports-color/index.d.ts'
[12:09:05.229] Adding entry into typings cache: 'svg-parser' => '/home/terryfung/.cache/typescript/4.2/node_modules/@types/svg-parser/index.d.ts'
[12:09:05.230] Adding entry into typings cache: 'svgo' => '/home/terryfung/.cache/typescript/4.2/node_modules/@types/svgo/index.d.ts'
[12:09:05.231] Adding entry into typings cache: 'symbol-tree' => '/home/terryfung/.cache/typescript/4.2/node_modules/@types/symbol-tree/index.d.ts'
[12:09:05.232] Adding entry into typings cache: 'table' => '/home/terryfung/.cache/typescript/4.2/node_modules/@types/table/index.d.ts'
[12:09:05.233] Adding entry into typings cache: 'tailwindcss' => '/home/terryfung/.cache/typescript/4.2/node_modules/@types/tailwindcss/index.d.ts'
[12:09:05.234] Adding entry into typings cache: 'tapable' => '/home/terryfung/.cache/typescript/4.2/node_modules/tapable/tapable.d.ts'
[12:09:05.235] Adding entry into typings cache: 'tar' => '/home/terryfung/.cache/typescript/4.2/node_modules/@types/tar/index.d.ts'
[12:09:05.237] Adding entry into typings cache: 'terser-webpack-plugin' => '/home/terryfung/.cache/typescript/4.2/node_modules/@types/terser-webpack-plugin/index.d.ts'
[12:09:05.238] Adding entry into typings cache: 'testing-library__jest-dom' => '/home/terryfung/.cache/typescript/4.2/node_modules/@types/testing-library__jest-dom/index.d.ts'
[12:09:05.239] Adding entry into typings cache: 'text-table' => '/home/terryfung/.cache/typescript/4.2/node_modules/@types/text-table/index.d.ts'
[12:09:05.240] Adding entry into typings cache: 'through2' => '/home/terryfung/.cache/typescript/4.2/node_modules/@types/through2/index.d.ts'
[12:09:05.241] Adding entry into typings cache: 'timsort' => '/home/terryfung/.cache/typescript/4.2/node_modules/@types/timsort/index.d.ts'
[12:09:05.242] Adding entry into typings cache: 'toposort' => '/home/terryfung/.cache/typescript/4.2/node_modules/@types/toposort/index.d.ts'
[12:09:05.243] Adding entry into typings cache: 'touch' => '/home/terryfung/.cache/typescript/4.2/node_modules/@types/touch/index.d.ts'
[12:09:05.244] Adding entry into typings cache: 'tough-cookie' => '/home/terryfung/.cache/typescript/4.2/node_modules/@types/tough-cookie/index.d.ts'
[12:09:05.244] Adding entry into typings cache: 'tryer' => '/home/terryfung/.cache/typescript/4.2/node_modules/@types/tryer/index.d.ts'
[12:09:05.246] Adding entry into typings cache: 'type-check' => '/home/terryfung/.cache/typescript/4.2/node_modules/@types/type-check/index.d.ts'
[12:09:05.247] Adding entry into typings cache: 'type-detect' => '/home/terryfung/.cache/typescript/4.2/node_modules/@types/type-detect/index.d.ts'
[12:09:05.248] Adding entry into typings cache: 'type-is' => '/home/terryfung/.cache/typescript/4.2/node_modules/@types/type-is/index.d.ts'
[12:09:05.249] Adding entry into typings cache: 'uniq' => '/home/terryfung/.cache/typescript/4.2/node_modules/@types/uniq/index.d.ts'
[12:09:05.249] Adding entry into typings cache: 'universalify' => '/home/terryfung/.cache/typescript/4.2/node_modules/@types/universalify/index.d.ts'
[12:09:05.250] Adding entry into typings cache: 'unixify' => '/home/terryfung/.cache/typescript/4.2/node_modules/@types/unixify/index.d.ts'
[12:09:05.251] Adding entry into typings cache: 'update-notifier' => '/home/terryfung/.cache/typescript/4.2/node_modules/@types/update-notifier/index.d.ts'
[12:09:05.252] Adding entry into typings cache: 'urix' => '/home/terryfung/.cache/typescript/4.2/node_modules/@types/urix/index.d.ts'
[12:09:05.252] Adding entry into typings cache: 'url-parse' => '/home/terryfung/.cache/typescript/4.2/node_modules/@types/url-parse/index.d.ts'
[12:09:05.253] Adding entry into typings cache: 'util-deprecate' => '/home/terryfung/.cache/typescript/4.2/node_modules/@types/util-deprecate/index.d.ts'
[12:09:05.254] Adding entry into typings cache: 'util.promisify' => '/home/terryfung/.cache/typescript/4.2/node_modules/@types/util.promisify/index.d.ts'
[12:09:05.255] Adding entry into typings cache: 'utils-merge' => '/home/terryfung/.cache/typescript/4.2/node_modules/@types/utils-merge/index.d.ts'
[12:09:05.255] Adding entry into typings cache: 'uuid' => '/home/terryfung/.cache/typescript/4.2/node_modules/@types/uuid/index.d.ts'
[12:09:05.256] Adding entry into typings cache: 'valid-url' => '/home/terryfung/.cache/typescript/4.2/node_modules/@types/valid-url/index.d.ts'
[12:09:05.256] Adding entry into typings cache: 'validate-npm-package-license' => '/home/terryfung/.cache/typescript/4.2/node_modules/@types/validate-npm-package-license/index.d.ts'
[12:09:05.257] Adding entry into typings cache: 'vary' => '/home/terryfung/.cache/typescript/4.2/node_modules/@types/vary/index.d.ts'
[12:09:05.258] Adding entry into typings cache: 'verror' => '/home/terryfung/.cache/typescript/4.2/node_modules/@types/verror/index.d.ts'
[12:09:05.258] Adding entry into typings cache: 'w3c-hr-time' => '/home/terryfung/.cache/typescript/4.2/node_modules/@types/w3c-hr-time/index.d.ts'
[12:09:05.259] Adding entry into typings cache: 'w3c-xmlserializer' => '/home/terryfung/.cache/typescript/4.2/node_modules/@types/w3c-xmlserializer/index.d.ts'
[12:09:05.260] Adding entry into typings cache: 'watchpack' => '/home/terryfung/.cache/typescript/4.2/node_modules/@types/watchpack/index.d.ts'
[12:09:05.261] Adding entry into typings cache: 'webidl-conversions' => '/home/terryfung/.cache/typescript/4.2/node_modules/@types/webidl-conversions/index.d.ts'
[12:09:05.263] Adding entry into typings cache: 'webpack' => '/home/terryfung/.cache/typescript/4.2/node_modules/webpack/types.d.ts'
[12:09:05.264] Adding entry into typings cache: 'webpack-dev-middleware' => '/home/terryfung/.cache/typescript/4.2/node_modules/@types/webpack-dev-middleware/index.d.ts'
[12:09:05.265] Adding entry into typings cache: 'webpack-dev-server' => '/home/terryfung/.cache/typescript/4.2/node_modules/@types/webpack-dev-server/index.d.ts'
[12:09:05.266] Adding entry into typings cache: 'webpack-manifest-plugin' => '/home/terryfung/.cache/typescript/4.2/node_modules/@types/webpack-manifest-plugin/index.d.ts'
[12:09:05.268] Adding entry into typings cache: 'webpack-sources' => '/home/terryfung/.cache/typescript/4.2/node_modules/@types/webpack-sources/index.d.ts'
[12:09:05.269] Adding entry into typings cache: 'whatwg-encoding' => '/home/terryfung/.cache/typescript/4.2/node_modules/@types/whatwg-encoding/index.d.ts'
[12:09:05.270] Adding entry into typings cache: 'whatwg-mimetype' => '/home/terryfung/.cache/typescript/4.2/node_modules/@types/whatwg-mimetype/index.d.ts'
[12:09:05.270] Adding entry into typings cache: 'whatwg-url' => '/home/terryfung/.cache/typescript/4.2/node_modules/@types/whatwg-url/index.d.ts'
[12:09:05.272] Adding entry into typings cache: 'which' => '/home/terryfung/.cache/typescript/4.2/node_modules/@types/which/index.d.ts'
[12:09:05.274] Adding entry into typings cache: 'workbox-build' => '/home/terryfung/.cache/typescript/4.2/node_modules/@types/workbox-build/index.d.ts'
[12:09:05.275] Adding entry into typings cache: 'workbox-sw' => '/home/terryfung/.cache/typescript/4.2/node_modules/@types/workbox-sw/index.d.ts'
[12:09:05.276] Adding entry into typings cache: 'workbox-webpack-plugin' => '/home/terryfung/.cache/typescript/4.2/node_modules/@types/workbox-webpack-plugin/index.d.ts'
[12:09:05.277] Adding entry into typings cache: 'wrap-ansi' => '/home/terryfung/.cache/typescript/4.2/node_modules/@types/wrap-ansi/index.d.ts'
[12:09:05.278] Adding entry into typings cache: 'write-file-atomic' => '/home/terryfung/.cache/typescript/4.2/node_modules/@types/write-file-atomic/index.d.ts'
[12:09:05.278] Adding entry into typings cache: 'ws' => '/home/terryfung/.cache/typescript/4.2/node_modules/@types/ws/index.d.ts'
[12:09:05.279] Adding entry into typings cache: 'xtend' => '/home/terryfung/.cache/typescript/4.2/node_modules/@types/xtend/index.d.ts'
[12:09:05.279] Adding entry into typings cache: 'y18n' => '/home/terryfung/.cache/typescript/4.2/node_modules/@types/y18n/index.d.ts'
[12:09:05.280] Adding entry into typings cache: 'yallist' => '/home/terryfung/.cache/typescript/4.2/node_modules/@types/yallist/index.d.ts'
[12:09:05.281] Adding entry into typings cache: 'yargs' => '/home/terryfung/.cache/typescript/4.2/node_modules/@types/yargs/index.d.ts'
[12:09:05.281] Adding entry into typings cache: 'yargs-parser' => '/home/terryfung/.cache/typescript/4.2/node_modules/@types/yargs-parser/index.d.ts'
[12:09:05.283] Adding entry into typings cache: 'yup' => '/home/terryfung/.cache/typescript/4.2/node_modules/@types/yup/index.d.ts'
[12:09:05.284] Adding entry into typings cache: 'zen-observable' => '/home/terryfung/.cache/typescript/4.2/node_modules/@types/zen-observable/index.d.ts'
[12:09:05.284] Finished processing cache location '/home/terryfung/.cache/typescript/4.2'
[12:09:05.284] Process id: 9931
[12:09:05.284] NPM location: /usr/bin/npm (explicit '--npmLocation' not  provided)
[12:09:05.284] validateDefaultNpmLocation: false
[12:09:05.285] Npm config file: /home/terryfung/.cache/typescript/4.2/package.json
[12:09:05.285] Updating types-registry npm package...
[12:09:05.285] Exec: /usr/bin/npm install --ignore-scripts types-registry@latest
[12:09:08.819]     Succeeded. stdout:
    
    up to date, audited 824 packages in 3s

19 packages are looking for funding
  run `npm fund` for details

found 0 vulnerabilities

[12:09:08.820] Updated types-registry npm package
[12:39:05.786] Got install request {"projectName":"/dev/null/inferredProject1*","fileNames":[],"compilerOptions":{"target":1,"jsx":1,"allowNonTsExtensions":true,"allowJs":true,"noEmitForJsFiles":true},"typeAcquisition":{"enable":true,"include":[],"exclude":[]},"unresolvedImports":[],"projectRootPath":"/home/terryfung/CodeBox/web/React/create_dialog/src/components","kind":"discover"}
[12:39:05.799] Loaded safelist from types map file '/home/terryfung/CodeBox/web/React/create_dialog/node_modules/typescript/lib/typesMap.json'
[12:39:05.800] Explicitly included types: []
[12:39:05.801] Inferred typings from unresolved imports: []
[12:39:05.801] Result: {"cachedTypingPaths":[],"newTypingNames":[],"filesToWatch":["/home/terryfung/CodeBox/web/React/create_dialog/src/components/bower_components","/home/terryfung/CodeBox/web/React/create_dialog/src/components/node_modules"]}
[12:39:05.801] Finished typings discovery: {"cachedTypingPaths":[],"newTypingNames":[],"filesToWatch":["/home/terryfung/CodeBox/web/React/create_dialog/src/components/bower_components","/home/terryfung/CodeBox/web/React/create_dialog/src/components/node_modules"]}
[12:39:05.802] DirectoryWatcher:: Added:: WatchInfo: /home/terryfung/CodeBox/web/React/create_dialog/src/components/bower_components
[12:39:05.802] DirectoryWatcher:: Added:: WatchInfo: /home/terryfung/CodeBox/web/React/create_dialog/src/components/bower_components 1 undefined Project: /dev/null/inferredProject1* watcher already invoked: false
[12:39:05.805] Elapsed:: 2.3568810001015663ms DirectoryWatcher:: Added:: WatchInfo: /home/terryfung/CodeBox/web/React/create_dialog/src/components/bower_components 1 undefined Project: /dev/null/inferredProject1* watcher already invoked: false
[12:39:05.805] DirectoryWatcher:: Added:: WatchInfo: /home/terryfung/CodeBox/web/React/create_dialog/src/components/node_modules
[12:39:05.805] DirectoryWatcher:: Added:: WatchInfo: /home/terryfung/CodeBox/web/React/create_dialog/src/components/node_modules 1 undefined Project: /dev/null/inferredProject1* watcher already invoked: false
[12:39:05.805] Elapsed:: 0.14318700041621923ms DirectoryWatcher:: Added:: WatchInfo: /home/terryfung/CodeBox/web/React/create_dialog/src/components/node_modules 1 undefined Project: /dev/null/inferredProject1* watcher already invoked: false
[12:39:05.806] Sending response:
    {"projectName":"/dev/null/inferredProject1*","typeAcquisition":{"enable":true,"include":[],"exclude":[]},"compilerOptions":{"target":1,"jsx":1,"allowNonTsExtensions":true,"allowJs":true,"noEmitForJsFiles":true},"typings":[],"unresolvedImports":[],"kind":"action::set"}
[12:39:05.806] Response has been sent.
[12:39:05.806] No new typings were requested as a result of typings discovery
[12:43:58.269] Got install request {"projectName":"/dev/null/inferredProject1*","fileNames":[],"compilerOptions":{"target":1,"jsx":1,"allowNonTsExtensions":true,"allowJs":true,"noEmitForJsFiles":true},"typeAcquisition":{"enable":true,"include":[],"exclude":[]},"unresolvedImports":[],"projectRootPath":"/home/terryfung/CodeBox/web/React/create_dialog/src/components","kind":"discover"}
[12:43:58.269] Explicitly included types: []
[12:43:58.270] Inferred typings from unresolved imports: []
[12:43:58.270] Result: {"cachedTypingPaths":[],"newTypingNames":[],"filesToWatch":["/home/terryfung/CodeBox/web/React/create_dialog/src/components/bower_components","/home/terryfung/CodeBox/web/React/create_dialog/src/components/node_modules"]}
[12:43:58.270] Finished typings discovery: {"cachedTypingPaths":[],"newTypingNames":[],"filesToWatch":["/home/terryfung/CodeBox/web/React/create_dialog/src/components/bower_components","/home/terryfung/CodeBox/web/React/create_dialog/src/components/node_modules"]}
[12:43:58.270] Sending response:
    {"projectName":"/dev/null/inferredProject1*","typeAcquisition":{"enable":true,"include":[],"exclude":[]},"compilerOptions":{"target":1,"jsx":1,"allowNonTsExtensions":true,"allowJs":true,"noEmitForJsFiles":true},"typings":[],"unresolvedImports":[],"kind":"action::set"}
[12:43:58.271] Response has been sent.
[12:43:58.271] No new typings were requested as a result of typings discovery
[12:48:20.750] Got install request {"projectName":"/dev/null/inferredProject2*","fileNames":["/home/terryfung/CodeBox/web/React/create_dialog/node_modules/typescript/lib/lib.d.ts","/home/terryfung/CodeBox/web/React/create_dialog/node_modules/typescript/lib/lib.es5.d.ts","/home/terryfung/CodeBox/web/React/create_dialog/node_modules/typescript/lib/lib.dom.d.ts","/home/terryfung/CodeBox/web/React/create_dialog/node_modules/typescript/lib/lib.webworker.importscripts.d.ts","/home/terryfung/CodeBox/web/React/create_dialog/node_modules/typescript/lib/lib.scripthost.d.ts","/home/terryfung/CodeBox/web/React/create_dialog/src/types.js"],"compilerOptions":{"target":1,"jsx":1,"allowNonTsExtensions":true,"allowJs":true,"noEmitForJsFiles":true,"maxNodeModuleJsDepth":2},"typeAcquisition":{"enable":true,"include":[],"exclude":[]},"unresolvedImports":[],"projectRootPath":"/home/terryfung/CodeBox/web/React/create_dialog/src","kind":"discover"}
[12:48:20.751] Explicitly included types: []
[12:48:20.751] Inferred typings from unresolved imports: []
[12:48:20.752] Result: {"cachedTypingPaths":[],"newTypingNames":[],"filesToWatch":["/home/terryfung/CodeBox/web/React/create_dialog/src/bower_components","/home/terryfung/CodeBox/web/React/create_dialog/src/node_modules"]}
[12:48:20.752] Finished typings discovery: {"cachedTypingPaths":[],"newTypingNames":[],"filesToWatch":["/home/terryfung/CodeBox/web/React/create_dialog/src/bower_components","/home/terryfung/CodeBox/web/React/create_dialog/src/node_modules"]}
[12:48:20.752] DirectoryWatcher:: Added:: WatchInfo: /home/terryfung/CodeBox/web/React/create_dialog/src/bower_components
[12:48:20.752] DirectoryWatcher:: Added:: WatchInfo: /home/terryfung/CodeBox/web/React/create_dialog/src/bower_components 1 undefined Project: /dev/null/inferredProject2* watcher already invoked: false
[12:48:20.752] Elapsed:: 0.2185639999806881ms DirectoryWatcher:: Added:: WatchInfo: /home/terryfung/CodeBox/web/React/create_dialog/src/bower_components 1 undefined Project: /dev/null/inferredProject2* watcher already invoked: false
[12:48:20.753] DirectoryWatcher:: Added:: WatchInfo: /home/terryfung/CodeBox/web/React/create_dialog/src/node_modules
[12:48:20.753] DirectoryWatcher:: Added:: WatchInfo: /home/terryfung/CodeBox/web/React/create_dialog/src/node_modules 1 undefined Project: /dev/null/inferredProject2* watcher already invoked: false
[12:48:20.753] Elapsed:: 0.18736600037664175ms DirectoryWatcher:: Added:: WatchInfo: /home/terryfung/CodeBox/web/React/create_dialog/src/node_modules 1 undefined Project: /dev/null/inferredProject2* watcher already invoked: false
[12:48:20.753] Sending response:
    {"projectName":"/dev/null/inferredProject2*","typeAcquisition":{"enable":true,"include":[],"exclude":[]},"compilerOptions":{"target":1,"jsx":1,"allowNonTsExtensions":true,"allowJs":true,"noEmitForJsFiles":true,"maxNodeModuleJsDepth":2},"typings":[],"unresolvedImports":[],"kind":"action::set"}
[12:48:20.753] Response has been sent.
[12:48:20.753] No new typings were requested as a result of typings discovery
[12:48:30.194] Got install request {"projectName":"/dev/null/inferredProject3*","fileNames":[],"compilerOptions":{"target":1,"jsx":1,"allowNonTsExtensions":true,"allowJs":true,"noEmitForJsFiles":true},"typeAcquisition":{"enable":true,"include":[],"exclude":[]},"unresolvedImports":[],"projectRootPath":"/home/terryfung/CodeBox/web/React/create_dialog/src","kind":"discover"}
[12:48:30.194] Explicitly included types: []
[12:48:30.194] Inferred typings from unresolved imports: []
[12:48:30.195] Result: {"cachedTypingPaths":[],"newTypingNames":[],"filesToWatch":["/home/terryfung/CodeBox/web/React/create_dialog/src/bower_components","/home/terryfung/CodeBox/web/React/create_dialog/src/node_modules"]}
[12:48:30.195] Finished typings discovery: {"cachedTypingPaths":[],"newTypingNames":[],"filesToWatch":["/home/terryfung/CodeBox/web/React/create_dialog/src/bower_components","/home/terryfung/CodeBox/web/React/create_dialog/src/node_modules"]}
[12:48:30.195] DirectoryWatcher:: Added:: WatchInfo: /home/terryfung/CodeBox/web/React/create_dialog/src/bower_components
[12:48:30.195] DirectoryWatcher:: Added:: WatchInfo: /home/terryfung/CodeBox/web/React/create_dialog/src/bower_components 1 undefined Project: /dev/null/inferredProject3* watcher already invoked: false
[12:48:30.195] Elapsed:: 0.07150499988347292ms DirectoryWatcher:: Added:: WatchInfo: /home/terryfung/CodeBox/web/React/create_dialog/src/bower_components 1 undefined Project: /dev/null/inferredProject3* watcher already invoked: false
[12:48:30.196] DirectoryWatcher:: Added:: WatchInfo: /home/terryfung/CodeBox/web/React/create_dialog/src/node_modules
[12:48:30.196] DirectoryWatcher:: Added:: WatchInfo: /home/terryfung/CodeBox/web/React/create_dialog/src/node_modules 1 undefined Project: /dev/null/inferredProject3* watcher already invoked: false
[12:48:30.196] Elapsed:: 0.06689499970525503ms DirectoryWatcher:: Added:: WatchInfo: /home/terryfung/CodeBox/web/React/create_dialog/src/node_modules 1 undefined Project: /dev/null/inferredProject3* watcher already invoked: false
[12:48:30.196] Sending response:
    {"projectName":"/dev/null/inferredProject3*","typeAcquisition":{"enable":true,"include":[],"exclude":[]},"compilerOptions":{"target":1,"jsx":1,"allowNonTsExtensions":true,"allowJs":true,"noEmitForJsFiles":true},"typings":[],"unresolvedImports":[],"kind":"action::set"}
[12:48:30.196] Response has been sent.
[12:48:30.196] No new typings were requested as a result of typings discovery
[13:14:58.459] Got install request {"projectName":"/dev/null/inferredProject4*","fileNames":[],"compilerOptions":{"target":1,"jsx":1,"allowNonTsExtensions":true,"allowJs":true,"noEmitForJsFiles":true},"typeAcquisition":{"enable":true,"include":[],"exclude":[]},"unresolvedImports":[],"projectRootPath":"/home/terryfung/CodeBox/web/React/create_dialog/src/components","kind":"discover"}
[13:14:58.459] Explicitly included types: []
[13:14:58.459] Inferred typings from unresolved imports: []
[13:14:58.459] Result: {"cachedTypingPaths":[],"newTypingNames":[],"filesToWatch":["/home/terryfung/CodeBox/web/React/create_dialog/src/components/bower_components","/home/terryfung/CodeBox/web/React/create_dialog/src/components/node_modules"]}
[13:14:58.459] Finished typings discovery: {"cachedTypingPaths":[],"newTypingNames":[],"filesToWatch":["/home/terryfung/CodeBox/web/React/create_dialog/src/components/bower_components","/home/terryfung/CodeBox/web/React/create_dialog/src/components/node_modules"]}
[13:14:58.459] DirectoryWatcher:: Added:: WatchInfo: /home/terryfung/CodeBox/web/React/create_dialog/src/components/bower_components
[13:14:58.459] DirectoryWatcher:: Added:: WatchInfo: /home/terryfung/CodeBox/web/React/create_dialog/src/components/bower_components 1 undefined Project: /dev/null/inferredProject4* watcher already invoked: false
[13:14:58.460] Elapsed:: 0.015386000275611877ms DirectoryWatcher:: Added:: WatchInfo: /home/terryfung/CodeBox/web/React/create_dialog/src/components/bower_components 1 undefined Project: /dev/null/inferredProject4* watcher already invoked: false
[13:14:58.460] DirectoryWatcher:: Added:: WatchInfo: /home/terryfung/CodeBox/web/React/create_dialog/src/components/node_modules
[13:14:58.460] DirectoryWatcher:: Added:: WatchInfo: /home/terryfung/CodeBox/web/React/create_dialog/src/components/node_modules 1 undefined Project: /dev/null/inferredProject4* watcher already invoked: false
[13:14:58.460] Elapsed:: 0.0059470003470778465ms DirectoryWatcher:: Added:: WatchInfo: /home/terryfung/CodeBox/web/React/create_dialog/src/components/node_modules 1 undefined Project: /dev/null/inferredProject4* watcher already invoked: false
[13:14:58.460] Sending response:
    {"projectName":"/dev/null/inferredProject4*","typeAcquisition":{"enable":true,"include":[],"exclude":[]},"compilerOptions":{"target":1,"jsx":1,"allowNonTsExtensions":true,"allowJs":true,"noEmitForJsFiles":true},"typings":[],"unresolvedImports":[],"kind":"action::set"}
[13:14:58.460] Response has been sent.
[13:14:58.460] No new typings were requested as a result of typings discovery
